2025-11-08 19:09:55.534: [INFO] VisibilityChanged: 0
2025-11-08 19:09:55.603: [INFO] RecordSyncInitDuration has_sync_been_enabled: 0 state: 0
2025-11-08 19:09:55.605: [INFO] RecordSyncInitDuration has_sync_been_enabled: 0 state: 0
2025-11-08 19:09:55.606: [INFO] RecordSyncInitDuration has_sync_been_enabled: 0 state: 0
2025-11-08 19:09:55.606: [INFO] RecordSyncInitDuration has_sync_been_enabled: 0 state: 0
2025-11-08 19:09:55.607: [INFO] RecordSyncInitDuration has_sync_been_enabled: 0 state: 0
2025-11-08 19:09:55.608: [INFO] RecordSyncInitDuration has_sync_been_enabled: 0 state: 0
2025-11-08 19:09:55.609: [INFO] RecordSyncInitDuration has_sync_been_enabled: 0 state: 0
2025-11-08 19:09:55.610: [INFO] RecordSyncInitDuration has_sync_been_enabled: 0 state: 0
2025-11-08 19:09:55.612: [INFO] RecordSyncInitDuration has_sync_been_enabled: 0 state: 0
2025-11-08 19:09:55.613: [INFO] RecordSyncInitDuration has_sync_been_enabled: 0 state: 0
2025-11-08 19:09:55.614: [INFO] RecordSyncInitDuration has_sync_been_enabled: 0 state: 0
2025-11-08 19:09:55.635: [INFO] BookmarkModelLoaded, ids_reassigned: 0
2025-11-08 19:09:55.635: [INFO] OnDoneLoading sync enabled: 0
2025-11-08 19:09:55.709: [INFO] RecordSyncInitDuration has_sync_been_enabled: 0 state: 0
2025-11-08 19:09:55.821: [INFO] RecordSyncInitDuration has_sync_been_enabled: 0 state: 3
2025-11-08 19:09:55.824: [INFO] Primary account changed.
2025-11-08 19:09:55.824: [INFO] OnPrimaryAccountChanged PrimaryAccountChangeEvent::Type::kSet
2025-11-08 19:09:55.829: [INFO] RecordSyncInitDuration has_sync_been_enabled: 0 state: 3
2025-11-08 19:09:55.995: [INFO] RecordSyncInitDuration has_sync_been_enabled: 0 state: 3
2025-11-08 19:09:58.432: [INFO] VisibilityChanged: 1
2025-11-08 19:09:58.883: [INFO] BookmarkNodeAdded, ABU: 0
2025-11-08 19:09:58.883: [INFO] BookmarkNodeAdded, ABU: 0
2025-11-08 19:09:58.883: [INFO] BookmarkNodeAdded, ABU: 0
2025-11-08 19:09:58.884: [INFO] BookmarkNodeAdded, ABU: 0
2025-11-08 19:09:58.884: [INFO] BookmarkNodeAdded, ABU: 0
2025-11-08 19:09:58.884: [INFO] BookmarkNodeAdded, ABU: 0
2025-11-08 19:09:58.884: [INFO] BookmarkNodeAdded, ABU: 0
2025-11-08 19:09:58.884: [INFO] BookmarkNodeAdded, ABU: 0
2025-11-08 19:09:58.885: [INFO] BookmarkNodeAdded, ABU: 0
2025-11-08 19:09:58.885: [INFO] BookmarkNodeAdded, ABU: 0
2025-11-08 19:09:58.885: [INFO] BookmarkNodeAdded, ABU: 0
2025-11-08 19:09:58.885: [INFO] BookmarkNodeAdded, ABU: 0
2025-11-08 19:09:58.885: [INFO] BookmarkNodeAdded, ABU: 0
2025-11-08 19:09:58.886: [INFO] BookmarkNodeAdded, ABU: 0
2025-11-08 19:09:58.886: [INFO] BookmarkNodeAdded, ABU: 0
2025-11-08 19:09:58.886: [INFO] BookmarkNodeAdded, ABU: 0
2025-11-08 19:09:58.886: [INFO] BookmarkNodeAdded, ABU: 0
2025-11-08 19:09:58.886: [INFO] BookmarkNodeAdded, ABU: 0
2025-11-08 19:09:58.887: [INFO] BookmarkNodeAdded, ABU: 0
2025-11-08 19:09:58.887: [INFO] BookmarkNodeAdded, ABU: 0
2025-11-08 19:09:58.887: [INFO] BookmarkNodeAdded, ABU: 0
2025-11-08 19:09:58.887: [INFO] BookmarkNodeAdded, ABU: 0
2025-11-08 19:09:58.888: [INFO] BookmarkNodeAdded, ABU: 0
2025-11-08 19:09:58.888: [INFO] BookmarkNodeAdded, ABU: 0
2025-11-08 19:09:58.888: [INFO] BookmarkNodeAdded, ABU: 0
2025-11-08 19:09:58.888: [INFO] BookmarkNodeAdded, ABU: 0
2025-11-08 19:09:58.889: [INFO] BookmarkNodeAdded, ABU: 0
2025-11-08 19:09:58.889: [INFO] BookmarkNodeAdded, ABU: 0
2025-11-08 19:09:58.889: [INFO] BookmarkNodeAdded, ABU: 0
2025-11-08 19:09:58.889: [INFO] BookmarkNodeAdded, ABU: 0
2025-11-08 19:09:58.889: [INFO] BookmarkNodeAdded, ABU: 0
2025-11-08 19:09:58.890: [INFO] BookmarkNodeAdded, ABU: 0
2025-11-08 19:09:58.890: [INFO] BookmarkNodeAdded, ABU: 0
2025-11-08 19:09:58.890: [INFO] BookmarkNodeAdded, ABU: 0
2025-11-08 19:09:58.890: [INFO] BookmarkNodeAdded, ABU: 0
2025-11-08 19:09:58.891: [INFO] BookmarkNodeAdded, ABU: 0
2025-11-08 19:09:58.891: [INFO] BookmarkNodeAdded, ABU: 0
2025-11-08 19:09:58.891: [INFO] BookmarkNodeAdded, ABU: 0
2025-11-08 19:09:58.891: [INFO] BookmarkNodeAdded, ABU: 0
2025-11-08 19:09:58.891: [INFO] BookmarkNodeAdded, ABU: 0
2025-11-08 19:09:58.891: [INFO] BookmarkNodeAdded, ABU: 0
2025-11-08 19:09:58.892: [INFO] BookmarkNodeAdded, ABU: 0
2025-11-08 19:09:58.892: [INFO] BookmarkNodeAdded, ABU: 0
2025-11-08 19:09:58.892: [INFO] BookmarkNodeAdded, ABU: 0
2025-11-08 19:09:58.892: [INFO] BookmarkNodeAdded, ABU: 0
2025-11-08 19:09:58.892: [INFO] BookmarkNodeAdded, ABU: 0
2025-11-08 19:09:58.892: [INFO] BookmarkNodeAdded, ABU: 0
2025-11-08 19:09:58.893: [INFO] BookmarkNodeAdded, ABU: 0
2025-11-08 19:09:58.893: [INFO] BookmarkNodeAdded, ABU: 0
2025-11-08 19:09:58.893: [INFO] BookmarkNodeAdded, ABU: 0
2025-11-08 19:09:58.893: [INFO] BookmarkNodeAdded, ABU: 0
2025-11-08 19:09:58.893: [INFO] BookmarkNodeAdded, ABU: 0
2025-11-08 19:09:58.894: [INFO] BookmarkNodeAdded, ABU: 0
2025-11-08 19:09:58.894: [INFO] BookmarkNodeAdded, ABU: 0
2025-11-08 19:09:58.894: [INFO] BookmarkNodeAdded, ABU: 0
2025-11-08 19:09:58.894: [INFO] BookmarkNodeAdded, ABU: 0
2025-11-08 19:09:58.895: [INFO] BookmarkNodeAdded, ABU: 0
2025-11-08 19:09:58.895: [INFO] BookmarkNodeAdded, ABU: 0
2025-11-08 19:09:58.895: [INFO] BookmarkNodeAdded, ABU: 0
2025-11-08 19:09:58.895: [INFO] BookmarkNodeAdded, ABU: 0
2025-11-08 19:09:58.896: [INFO] BookmarkNodeAdded, ABU: 0
2025-11-08 19:09:58.896: [INFO] BookmarkNodeAdded, ABU: 0
2025-11-08 19:09:58.896: [INFO] BookmarkNodeAdded, ABU: 0
2025-11-08 19:09:58.897: [INFO] BookmarkNodeAdded, ABU: 0
2025-11-08 19:09:58.897: [INFO] BookmarkNodeAdded, ABU: 0
2025-11-08 19:09:58.897: [INFO] BookmarkNodeAdded, ABU: 0
2025-11-08 19:09:58.897: [INFO] BookmarkNodeAdded, ABU: 0
2025-11-08 19:09:58.898: [INFO] BookmarkNodeAdded, ABU: 0
2025-11-08 19:09:58.898: [INFO] BookmarkNodeAdded, ABU: 0
2025-11-08 19:09:58.898: [INFO] BookmarkNodeAdded, ABU: 0
2025-11-08 19:09:58.899: [INFO] BookmarkNodeAdded, ABU: 0
2025-11-08 19:09:58.899: [INFO] BookmarkNodeAdded, ABU: 0
2025-11-08 19:09:58.899: [INFO] BookmarkNodeAdded, ABU: 0
2025-11-08 19:09:58.900: [INFO] BookmarkNodeAdded, ABU: 0
2025-11-08 19:09:58.900: [INFO] BookmarkNodeAdded, ABU: 0
2025-11-08 19:09:58.900: [INFO] BookmarkNodeAdded, ABU: 0
2025-11-08 19:09:58.900: [INFO] BookmarkNodeAdded, ABU: 0
2025-11-08 19:09:58.901: [INFO] BookmarkNodeAdded, ABU: 0
2025-11-08 19:09:58.901: [INFO] BookmarkNodeAdded, ABU: 0
2025-11-08 19:09:58.901: [INFO] BookmarkNodeAdded, ABU: 0
2025-11-08 19:09:58.901: [INFO] BookmarkNodeAdded, ABU: 0
2025-11-08 19:09:58.902: [INFO] BookmarkNodeAdded, ABU: 0
2025-11-08 19:09:58.902: [INFO] BookmarkNodeAdded, ABU: 0
2025-11-08 19:09:58.902: [INFO] BookmarkNodeAdded, ABU: 0
2025-11-08 19:09:58.902: [INFO] BookmarkNodeAdded, ABU: 0
2025-11-08 19:09:58.903: [INFO] BookmarkNodeAdded, ABU: 0
2025-11-08 19:09:58.903: [INFO] BookmarkNodeAdded, ABU: 0
2025-11-08 19:09:58.903: [INFO] BookmarkNodeAdded, ABU: 0
2025-11-08 19:09:58.904: [INFO] BookmarkNodeAdded, ABU: 0
2025-11-08 19:09:58.904: [INFO] BookmarkNodeAdded, ABU: 0
2025-11-08 19:09:58.904: [INFO] BookmarkNodeAdded, ABU: 0
2025-11-08 19:09:58.904: [INFO] BookmarkNodeAdded, ABU: 0
2025-11-08 19:09:58.904: [INFO] BookmarkNodeAdded, ABU: 0
2025-11-08 19:09:58.905: [INFO] BookmarkNodeAdded, ABU: 0
2025-11-08 19:09:58.905: [INFO] BookmarkNodeAdded, ABU: 0
2025-11-08 19:09:58.905: [INFO] BookmarkNodeAdded, ABU: 0
2025-11-08 19:10:02.079: [INFO] Sync initialization duration: 5980ms
2025-11-08 19:13:30.512: [INFO] VisibilityChanged: 0
2025-11-08 19:21:47.070: [INFO] OnDoneLoading sync enabled: 1
2025-11-08 19:21:48.373: [INFO] Sync initialization duration: 1055ms
2025-11-08 19:27:33.133: [INFO] VisibilityChanged: 0
2025-11-08 19:34:43.891: [INFO] OnDoneLoading sync enabled: 1
2025-11-08 19:34:45.637: [INFO] Sync initialization duration: 1498ms
2025-11-08 19:38:51.480: [INFO] VisibilityChanged: 0
2025-11-08 19:47:33.908: [INFO] OnDoneLoading sync enabled: 1
2025-11-08 19:47:35.097: [INFO] Sync initialization duration: 945ms
2025-11-08 20:40:32.800: [INFO] VisibilityChanged: 0
2025-11-08 20:56:15.558: [INFO] OnDoneLoading sync enabled: 1
2025-11-08 20:56:16.936: [INFO] Sync initialization duration: 1132ms
2025-11-08 21:05:16.985: [INFO] VisibilityChanged: 0
2025-11-08 21:14:00.615: [INFO] OnDoneLoading sync enabled: 1
2025-11-08 21:14:01.902: [INFO] Sync initialization duration: 1012ms
2025-11-08 21:26:32.039: [INFO] VisibilityChanged: 0
2025-11-08 21:29:38.506: [INFO] OnDoneLoading sync enabled: 1
2025-11-08 21:29:40.295: [INFO] Sync initialization duration: 1416ms
2025-11-08 21:33:32.031: [INFO] VisibilityChanged: 0
2025-11-08 22:22:27.970: [INFO] OnDoneLoading sync enabled: 1
2025-11-08 22:22:29.326: [INFO] Sync initialization duration: 1061ms
2025-11-08 23:51:01.973: [INFO] VisibilityChanged: 0
2025-11-09 00:01:06.091: [INFO] OnDoneLoading sync enabled: 1
2025-11-09 00:01:07.620: [INFO] Sync initialization duration: 1130ms
2025-11-09 00:06:01.773: [INFO] VisibilityChanged: 0
2025-11-09 00:57:26.566: [INFO] OnDoneLoading sync enabled: 1
2025-11-09 00:57:28.154: [INFO] Sync initialization duration: 1270ms
2025-11-09 01:01:55.150: [INFO] VisibilityChanged: 0
2025-11-09 01:49:45.798: [INFO] OnDoneLoading sync enabled: 1
2025-11-09 01:49:47.350: [INFO] Sync initialization duration: 1244ms
2025-11-09 01:58:26.936: [INFO] VisibilityChanged: 0
2025-11-09 02:03:49.550: [INFO] OnDoneLoading sync enabled: 1
2025-11-09 02:03:50.815: [INFO] Sync initialization duration: 1008ms
2025-11-09 02:14:45.194: [INFO] VisibilityChanged: 0
2025-11-09 02:21:03.834: [INFO] OnDoneLoading sync enabled: 1
2025-11-09 02:21:05.613: [INFO] Sync initialization duration: 1491ms
2025-11-09 02:30:23.153: [INFO] VisibilityChanged: 0
2025-11-09 02:48:52.542: [INFO] OnDoneLoading sync enabled: 1
2025-11-09 02:48:54.056: [INFO] Sync initialization duration: 1275ms
2025-11-09 02:53:35.369: [INFO] VisibilityChanged: 0
2025-11-09 03:04:32.017: [INFO] OnDoneLoading sync enabled: 1
2025-11-09 03:04:33.320: [INFO] Sync initialization duration: 1064ms
2025-11-09 03:12:16.472: [INFO] VisibilityChanged: 0
2025-11-09 03:20:45.783: [INFO] OnDoneLoading sync enabled: 1
2025-11-09 03:20:47.578: [INFO] Sync initialization duration: 1500ms
2025-11-09 03:25:16.260: [INFO] VisibilityChanged: 0
2025-11-09 03:28:47.327: [INFO] OnDoneLoading sync enabled: 1
2025-11-09 03:28:48.752: [INFO] Sync initialization duration: 1135ms
2025-11-09 03:36:27.863: [INFO] VisibilityChanged: 0
2025-11-09 04:09:01.336: [INFO] OnDoneLoading sync enabled: 1
2025-11-09 04:09:02.833: [INFO] Sync initialization duration: 1161ms
2025-11-09 04:38:04.594: [INFO] VisibilityChanged: 0
2025-11-09 04:44:14.843: [INFO] OnDoneLoading sync enabled: 1
2025-11-09 04:44:16.771: [INFO] Sync initialization duration: 1644ms
2025-11-09 05:00:46.644: [INFO] VisibilityChanged: 0
2025-11-09 05:10:37.547: [INFO] OnDoneLoading sync enabled: 1
2025-11-09 05:10:40.083: [INFO] Sync initialization duration: 2361ms
2025-11-09 05:20:18.207: [INFO] VisibilityChanged: 0
2025-11-09 05:38:19.913: [INFO] OnDoneLoading sync enabled: 1
2025-11-09 05:38:21.599: [INFO] Sync initialization duration: 1433ms
2025-11-09 06:41:32.875: [INFO] VisibilityChanged: 0
2025-11-09 07:00:17.522: [INFO] OnDoneLoading sync enabled: 1
2025-11-09 07:00:20.121: [INFO] Sync initialization duration: 2379ms
2025-11-09 07:20:24.782: [INFO] VisibilityChanged: 0
2025-11-09 07:28:09.580: [INFO] OnDoneLoading sync enabled: 1
2025-11-09 07:28:11.404: [INFO] Sync initialization duration: 1565ms
2025-11-09 07:52:35.121: [INFO] VisibilityChanged: 0
2025-11-09 10:03:55.991: [INFO] OnDoneLoading sync enabled: 1
2025-11-09 10:03:58.472: [INFO] Sync initialization duration: 2280ms
2025-11-09 10:13:25.292: [INFO] VisibilityChanged: 0
2025-11-09 10:38:33.618: [INFO] OnDoneLoading sync enabled: 1
2025-11-09 10:38:36.060: [INFO] Sync initialization duration: 2193ms
2025-11-09 10:52:15.423: [INFO] VisibilityChanged: 0
2025-11-09 11:13:36.242: [INFO] OnDoneLoading sync enabled: 1
2025-11-09 11:13:38.437: [INFO] Sync initialization duration: 1953ms
2025-11-09 11:25:29.842: [INFO] VisibilityChanged: 0
2025-11-09 11:26:50.206: [INFO] OnDoneLoading sync enabled: 1
2025-11-09 11:26:51.504: [INFO] Sync initialization duration: 1046ms
2025-11-09 12:06:59.828: [INFO] VisibilityChanged: 0
2025-11-09 12:36:48.208: [INFO] OnDoneLoading sync enabled: 1
2025-11-09 12:36:49.676: [INFO] Sync initialization duration: 1167ms
2025-11-09 13:04:08.384: [INFO] VisibilityChanged: 0
2025-11-09 13:30:09.148: [INFO] OnDoneLoading sync enabled: 1
2025-11-09 13:30:10.709: [INFO] Sync initialization duration: 1396ms
2025-11-09 13:32:05.126: [INFO] VisibilityChanged: 0
