{"logTime": "1109/072810", "correlationVector":"FTi3hBiUPyEupg398aUy5Q.0","action":"EncryptionKeysFetcher.DownloadKeys:", "result":"Success", "context":Key count: 10, Last key timestamp: 2025-09-05T19:05:46Z}
{"logTime": "1109/072811", "correlationVector":"FTi3hBiUPyEupg398aUy5Q.1","action":"EncryptionKeysManager::SetEncryptionKeys:", "result":"Success", "context":Key names[10]:[OafjDtlpHxxw5ayAetR8Da+uQVQGmfC9SV5lVtPBoOitTIfw6U0L3sUxGSHvssRbLgF/QohyDg9XhJNYMSM5QQ==][YFY6ovwQRBH8xF9avXpuI/YZsaSj386kufKJD4QoAJEq6Wz8TDw8tKSzYd0s25L7nninH1I+krCppPXuGKxQBw==][G80nQoSWjPoOkKC/BgEa9nQYRMdMh6Quzer/h5nppi1UHLNjO+6/D+29oZMwnPege2wzKcWQSc0hizixMU4obA==][pi51E5Nu5u9sgZcenY+VhNq8bFD4CDe5x8RiZISNkrcDNdrHUt3XF2zL2p5W5l9/SFHbeZkg6gyUAADaFZrGEg==][C2GiEpCTUY7DyO92CyR6pAqheW4fiWfWR6NntzXY8ihOyMpJ4F+oBomBfbbJ2NVyuRnRJmoAd8/EwdTaqHMN3g==][DMsOmLSCK7z2oQSkaIT4JdaswkDxhjK1OSq47Q8w5dflkqfI4j7hnnd2cHP5iNkScUAybTUjv1wB3Eh+DYNB5A==][Rkw6noTTSaDPMPwED+qEtnZtoTuXmUxMonmbStfIc7Vjdy71kBll+E4dTqxSmAhjkvXWv04owmnHbjCRwo8UXA==][X6bGNKbxG1hKkDoSJNfZRr3pWHBZoqhRx5yq/7ykd19R3Vhe3qcp0ZSZCu3nEp/UJkUTUTJ6fRPG0rL8XuFzfw==][RBwuDqIzorDcCNRvTOPy6vshW2XvL5xtbg6s49ErjPgltLIk6LKXaJeAOmHCE1J5B7mcYcNdKhWE/rT/80mcEg==][aEVHdA3XovfbIdP/0XLAWdfuXuPfYMU15+vPnFxNvr6D29dbsA9LJkblsl5bUdMKEaLgn7cHW8ZRQJxHQS4wmA==]}
{"logTime": "1109/072811", "correlationVector":"FTi3hBiUPyEupg398aUy5Q.2","action":"EncryptionKeysManager::SetEncryptionKeysWithTimestamps:", "result":"Success", "context":Key timestamps[10]:[2021-02-17T15:42:08Z][2021-08-09T22:40:39Z][2022-02-10T17:15:56Z][2022-08-12T18:31:24Z][2023-02-16T15:34:33Z][2023-09-12T11:41:34Z][2024-03-12T00:35:03Z][2024-09-09T03:24:06Z][2025-03-08T18:35:34Z][2025-09-05T19:05:46Z]}
{"logTime": "1109/072811", "correlationVector":"2/wTPTJCJTby9RQjil48kM","action":"Initial GetUpdates", "result":"", "context":Reason: NEW_CLIENT. cV=2/wTPTJCJTby9RQjil48kM}
{"logTime": "1109/072811", "correlationVector":"2/wTPTJCJTby9RQjil48kM.3","action":"GetUpdates Response", "result":"Success", "context":Received 1 update(s). cV=2/wTPTJCJTby9RQjil48kM.0;server=akswtt10600001q;cloudType=Consumer;environment=Prod_eastus_prod-s01-056-nam-eastus;migrationStage=NotStarted}
{"logTime": "1109/072811", "correlationVector":"g7F6mMBa7dgC955hDqOaer","action":"Initial GetUpdates", "result":"", "context":Reason: NEWLY_SUPPORTED_DATATYPE. cV=g7F6mMBa7dgC955hDqOaer}
{"logTime": "1109/072811", "correlationVector":"g7F6mMBa7dgC955hDqOaer.1","action":"SyncServerConnectionManagerRequest", "result":"SYNC_SERVER_OK", "context":{"environment":"Prod_eastus_prod-s01-056-nam-eastus", "migrationStage":"NotStarted", "server":"akswtt10600001b"}}
{"logTime": "1109/072811", "correlationVector":"g7F6mMBa7dgC955hDqOaer.2","action":"ProcessGetUpdates", "result":"Done", "context":{"dataType":"Passwords", "deleted":"9", "process_failed_to_decrypt":"0", "process_pending_decryption":"0", "process_success":"185", "total":"185"}}
{"logTime": "1109/072811", "correlationVector":"g7F6mMBa7dgC955hDqOaer.3","action":"GetUpdates Response", "result":"Success", "context":Received 185 update(s). cV=g7F6mMBa7dgC955hDqOaer.0;server=akswtt10600001b;cloudType=Consumer;environment=Prod_eastus_prod-s01-056-nam-eastus;migrationStage=NotStarted}
{"logTime": "1109/072811", "correlationVector":"NzNQda5/UTpE+6n3HfDsjb","action":"Normal GetUpdate request", "result":"", "context":cV=NzNQda5/UTpE+6n3HfDsjb
Nudged types: Sessions, History
Refresh requested types: Bookmarks, Preferences, Passwords, Autofill Profiles, Autofill, Extensions, Sessions, Extension settings, History Delete Directives, Device Info, User Consents, Send Tab To Self, Web Apps, History, Saved Tab Group, WebAuthn Credentials, Collection, Edge E Drop, Edge Hub App Usage, Edge Wallet, Encryption Keys}
{"logTime": "1109/072811", "correlationVector":"NzNQda5/UTpE+6n3HfDsjb.1","action":"SyncServerConnectionManagerRequest", "result":"SYNC_SERVER_OK", "context":{"environment":"Prod_eastus_prod-s01-056-nam-eastus", "migrationStage":"NotStarted", "server":"akswtt10600001y"}}
{"logTime": "1109/072811", "correlationVector":"NzNQda5/UTpE+6n3HfDsjb.2","action":"ProcessGetUpdates", "result":"Done", "context":{"dataType":"Preferences", "deleted":"0", "process_failed_to_decrypt":"0", "process_pending_decryption":"0", "process_success":"2", "total":"2"}}
{"logTime": "1109/072811", "correlationVector":"NzNQda5/UTpE+6n3HfDsjb.3","action":"ProcessGetUpdates", "result":"Done", "context":{"dataType":"Sessions", "deleted":"0", "process_failed_to_decrypt":"0", "process_pending_decryption":"0", "process_success":"3", "total":"3"}}
{"logTime": "1109/072811", "correlationVector":"NzNQda5/UTpE+6n3HfDsjb.4","action":"ProcessGetUpdates", "result":"Done", "context":{"dataType":"History", "deleted":"0", "process_failed_to_decrypt":"0", "process_pending_decryption":"0", "process_success":"2", "total":"2"}}
{"logTime": "1109/072811", "correlationVector":"NzNQda5/UTpE+6n3HfDsjb.5","action":"GetUpdates Response", "result":"Success", "context":Received 7 update(s). cV=NzNQda5/UTpE+6n3HfDsjb.0;server=akswtt10600001y;cloudType=Consumer;environment=Prod_eastus_prod-s01-056-nam-eastus;migrationStage=NotStarted}
{"logTime": "1109/072811", "correlationVector":"A84HqVpKXVvP2YI8TkUFU6","action":"Commit Request", "result":"", "context":Item count: 3
Contributing types: Sessions, History}
{"logTime": "1109/072812", "correlationVector":"A84HqVpKXVvP2YI8TkUFU6.1","action":"SyncServerConnectionManagerRequest", "result":"SYNC_SERVER_OK", "context":{"environment":"Prod_eastus_prod-s01-056-nam-eastus", "migrationStage":"NotStarted", "server":"akswtt10600001x"}}
{"logTime": "1109/072812", "correlationVector":"A84HqVpKXVvP2YI8TkUFU6.2","action":"Commit Response", "result":"Success", "context":Result: Success. cV=A84HqVpKXVvP2YI8TkUFU6.0;server=akswtt10600001x;cloudType=Consumer;environment=Prod_eastus_prod-s01-056-nam-eastus;migrationStage=NotStarted}
{"logTime": "1109/072818", "correlationVector":"4H5q4XFHawy3TEVGB52ZEE","action":"Commit Request", "result":"", "context":Item count: 40
Contributing types: Passwords}
{"logTime": "1109/072820", "correlationVector":"4H5q4XFHawy3TEVGB52ZEE.1","action":"SyncServerConnectionManagerRequest", "result":"SYNC_SERVER_OK", "context":{"environment":"Prod_eastus_prod-s01-056-nam-eastus", "migrationStage":"NotStarted", "server":"akswtt10600001j"}}
{"logTime": "1109/072820", "correlationVector":"4H5q4XFHawy3TEVGB52ZEE.2","action":"Commit Response", "result":"Success", "context":Result: Success. cV=4H5q4XFHawy3TEVGB52ZEE.0;server=akswtt10600001j;cloudType=Consumer;environment=Prod_eastus_prod-s01-056-nam-eastus;migrationStage=NotStarted}
{"logTime": "1109/072820", "correlationVector":"Hqj+b4/pcBO76PRcSzbDB4","action":"Commit Request", "result":"", "context":Item count: 40
Contributing types: Passwords}
{"logTime": "1109/072822", "correlationVector":"Hqj+b4/pcBO76PRcSzbDB4.1","action":"SyncServerConnectionManagerRequest", "result":"SYNC_SERVER_OK", "context":{"environment":"Prod_eastus_prod-s01-056-nam-eastus", "migrationStage":"NotStarted", "server":"akswtt10600001x"}}
{"logTime": "1109/072822", "correlationVector":"Hqj+b4/pcBO76PRcSzbDB4.2","action":"Commit Response", "result":"Success", "context":Result: Success. cV=Hqj+b4/pcBO76PRcSzbDB4.0;server=akswtt10600001x;cloudType=Consumer;environment=Prod_eastus_prod-s01-056-nam-eastus;migrationStage=NotStarted}
{"logTime": "1109/072822", "correlationVector":"eWoq/mKGHtqb3001n/h6QV","action":"Commit Request", "result":"", "context":Item count: 40
Contributing types: Passwords}
{"logTime": "1109/072824", "correlationVector":"eWoq/mKGHtqb3001n/h6QV.1","action":"SyncServerConnectionManagerRequest", "result":"SYNC_SERVER_OK", "context":{"environment":"Prod_eastus_prod-s01-056-nam-eastus", "migrationStage":"NotStarted", "server":"akswtt10600001j"}}
{"logTime": "1109/072824", "correlationVector":"eWoq/mKGHtqb3001n/h6QV.2","action":"Commit Response", "result":"Success", "context":Result: Success. cV=eWoq/mKGHtqb3001n/h6QV.0;server=akswtt10600001j;cloudType=Consumer;environment=Prod_eastus_prod-s01-056-nam-eastus;migrationStage=NotStarted}
{"logTime": "1109/072824", "correlationVector":"dtVmIy4pGTXIcdlJxE66+v","action":"Commit Request", "result":"", "context":Item count: 39
Contributing types: Preferences, Passwords, Sessions, History}
{"logTime": "1109/072826", "correlationVector":"dtVmIy4pGTXIcdlJxE66+v.1","action":"SyncServerConnectionManagerRequest", "result":"SYNC_SERVER_OK", "context":{"environment":"Prod_eastus_prod-s01-056-nam-eastus", "migrationStage":"NotStarted", "server":"akswtt10600001j"}}
{"logTime": "1109/072826", "correlationVector":"dtVmIy4pGTXIcdlJxE66+v.2","action":"Commit Response", "result":"Success", "context":Result: Success. cV=dtVmIy4pGTXIcdlJxE66+v.0;server=akswtt10600001j;cloudType=Consumer;environment=Prod_eastus_prod-s01-056-nam-eastus;migrationStage=NotStarted}
{"logTime": "1109/072927", "correlationVector":"RXZyD2vPKj360x5uv8UrOz","action":"Commit Request", "result":"", "context":Item count: 1
Contributing types: Preferences}
{"logTime": "1109/072928", "correlationVector":"RXZyD2vPKj360x5uv8UrOz.1","action":"SyncServerConnectionManagerRequest", "result":"SYNC_SERVER_OK", "context":{"environment":"Prod_eastus_prod-s01-056-nam-eastus", "migrationStage":"NotStarted", "server":"akswtt10600001l"}}
{"logTime": "1109/072928", "correlationVector":"RXZyD2vPKj360x5uv8UrOz.2","action":"Commit Response", "result":"Success", "context":Result: Success. cV=RXZyD2vPKj360x5uv8UrOz.0;server=akswtt10600001l;cloudType=Consumer;environment=Prod_eastus_prod-s01-056-nam-eastus;migrationStage=NotStarted}
{"logTime": "1109/073642", "correlationVector":"YUWwqqrCc1b4nUEddbRWLn","action":"Commit Request", "result":"", "context":Item count: 3
Contributing types: Sessions, History}
{"logTime": "1109/073642", "correlationVector":"YUWwqqrCc1b4nUEddbRWLn.1","action":"SyncServerConnectionManagerRequest", "result":"SYNC_AUTH_ERROR", "context":{"environment":"Prod_eastus_prod-s01-056-nam-eastus", "migrationStage":"NotStarted", "server":"akswtt10600001n"}}
{"logTime": "1109/073642", "correlationVector":"YUWwqqrCc1b4nUEddbRWLn.2","action":"Commit Response", "result":"HTTP error (401)", "context":Result: HTTP error (401). cV=YUWwqqrCc1b4nUEddbRWLn.0;server=akswtt10600001n;cloudType=Undetermined;environment=Prod_eastus_prod-s01-056-nam-eastus;migrationStage=NotStarted}
{"logTime": "1109/073643", "correlationVector":"nsnAGEhJxBATVCF/WDY3Aa","action":"Commit Request", "result":"", "context":Item count: 3
Contributing types: Sessions, History}
{"logTime": "1109/073643", "correlationVector":"nsnAGEhJxBATVCF/WDY3Aa.1","action":"SyncServerConnectionManagerRequest", "result":"SYNC_SERVER_OK", "context":{"environment":"Prod_eastus_prod-s01-056-nam-eastus", "migrationStage":"NotStarted", "server":"akswtt10600001u"}}
{"logTime": "1109/073643", "correlationVector":"nsnAGEhJxBATVCF/WDY3Aa.2","action":"Commit Response", "result":"Success", "context":Result: Success. cV=nsnAGEhJxBATVCF/WDY3Aa.0;server=akswtt10600001u;cloudType=Consumer;environment=Prod_eastus_prod-s01-056-nam-eastus;migrationStage=NotStarted}
{"logTime": "1109/073936", "correlationVector":"3sCkXYy5tFOBCNP1thyQJz","action":"Normal GetUpdate request", "result":"", "context":cV=3sCkXYy5tFOBCNP1thyQJz
Notified types: Device Info, History}
{"logTime": "1109/073936", "correlationVector":"3sCkXYy5tFOBCNP1thyQJz.1","action":"SyncServerConnectionManagerRequest", "result":"SYNC_SERVER_OK", "context":{"environment":"Prod_eastus_prod-s01-056-nam-eastus", "migrationStage":"NotStarted", "server":"akswtt10600001y"}}
{"logTime": "1109/073936", "correlationVector":"3sCkXYy5tFOBCNP1thyQJz.2","action":"ProcessGetUpdates", "result":"Done", "context":{"dataType":"Preferences", "deleted":"0", "process_failed_to_decrypt":"0", "process_pending_decryption":"0", "process_success":"2", "total":"2"}}
{"logTime": "1109/073936", "correlationVector":"3sCkXYy5tFOBCNP1thyQJz.3","action":"ProcessGetUpdates", "result":"Done", "context":{"dataType":"Passwords", "deleted":"0", "process_failed_to_decrypt":"0", "process_pending_decryption":"0", "process_success":"156", "total":"156"}}
{"logTime": "1109/073936", "correlationVector":"3sCkXYy5tFOBCNP1thyQJz.4","action":"ProcessGetUpdates", "result":"Done", "context":{"dataType":"Sessions", "deleted":"0", "process_failed_to_decrypt":"0", "process_pending_decryption":"0", "process_success":"4", "total":"4"}}
{"logTime": "1109/073936", "correlationVector":"3sCkXYy5tFOBCNP1thyQJz.5","action":"ProcessGetUpdates", "result":"Done", "context":{"dataType":"Device Info", "deleted":"0", "process_failed_to_decrypt":"0", "process_pending_decryption":"0", "process_success":"1", "total":"1"}}
{"logTime": "1109/073936", "correlationVector":"3sCkXYy5tFOBCNP1thyQJz.6","action":"ProcessGetUpdates", "result":"Done", "context":{"dataType":"History", "deleted":"0", "process_failed_to_decrypt":"0", "process_pending_decryption":"0", "process_success":"5", "total":"5"}}
{"logTime": "1109/073936", "correlationVector":"3sCkXYy5tFOBCNP1thyQJz.7","action":"GetUpdates Response", "result":"Success", "context":Received 168 update(s). cV=3sCkXYy5tFOBCNP1thyQJz.0;server=akswtt10600001y;cloudType=Consumer;environment=Prod_eastus_prod-s01-056-nam-eastus;migrationStage=NotStarted}
{"logTime": "1109/073938", "correlationVector":"5bfgy1gocsnNtuIAAp8dTh","action":"Normal GetUpdate request", "result":"", "context":cV=5bfgy1gocsnNtuIAAp8dTh
Notified types: Preferences}
{"logTime": "1109/073938", "correlationVector":"5bfgy1gocsnNtuIAAp8dTh.1","action":"SyncServerConnectionManagerRequest", "result":"SYNC_SERVER_OK", "context":{"environment":"Prod_eastus_prod-s01-056-nam-eastus", "migrationStage":"NotStarted", "server":"akswtt10600001u"}}
{"logTime": "1109/073938", "correlationVector":"5bfgy1gocsnNtuIAAp8dTh.2","action":"ProcessGetUpdates", "result":"Done", "context":{"dataType":"Preferences", "deleted":"0", "process_failed_to_decrypt":"0", "process_pending_decryption":"0", "process_success":"1", "total":"1"}}
{"logTime": "1109/073938", "correlationVector":"5bfgy1gocsnNtuIAAp8dTh.3","action":"GetUpdates Response", "result":"Success", "context":Received 1 update(s). cV=5bfgy1gocsnNtuIAAp8dTh.0;server=akswtt10600001u;cloudType=Consumer;environment=Prod_eastus_prod-s01-056-nam-eastus;migrationStage=NotStarted}
{"logTime": "1109/074039", "correlationVector":"yeeDs7X67mLQpy4ZTVxsI1","action":"Normal GetUpdate request", "result":"", "context":cV=yeeDs7X67mLQpy4ZTVxsI1
Notified types: History}
{"logTime": "1109/074039", "correlationVector":"yeeDs7X67mLQpy4ZTVxsI1.1","action":"SyncServerConnectionManagerRequest", "result":"SYNC_SERVER_OK", "context":{"environment":"Prod_eastus_prod-s01-056-nam-eastus", "migrationStage":"NotStarted", "server":"akswtt10600001n"}}
{"logTime": "1109/074039", "correlationVector":"yeeDs7X67mLQpy4ZTVxsI1.2","action":"ProcessGetUpdates", "result":"Done", "context":{"dataType":"Sessions", "deleted":"1", "process_failed_to_decrypt":"0", "process_pending_decryption":"0", "process_success":"3", "total":"3"}}
{"logTime": "1109/074039", "correlationVector":"yeeDs7X67mLQpy4ZTVxsI1.3","action":"ProcessGetUpdates", "result":"Done", "context":{"dataType":"History", "deleted":"0", "process_failed_to_decrypt":"0", "process_pending_decryption":"0", "process_success":"4", "total":"4"}}
{"logTime": "1109/074039", "correlationVector":"yeeDs7X67mLQpy4ZTVxsI1.4","action":"GetUpdates Response", "result":"Success", "context":Received 7 update(s). cV=yeeDs7X67mLQpy4ZTVxsI1.0;server=akswtt10600001n;cloudType=Consumer;environment=Prod_eastus_prod-s01-056-nam-eastus;migrationStage=NotStarted}
{"logTime": "1109/074431", "correlationVector":"PdeoAUaGE5IsW+3umoDD8e","action":"Commit Request", "result":"", "context":Item count: 1
Contributing types: Sessions}
{"logTime": "1109/074431", "correlationVector":"PdeoAUaGE5IsW+3umoDD8e.1","action":"SyncServerConnectionManagerRequest", "result":"SYNC_SERVER_OK", "context":{"environment":"Prod_eastus_prod-s01-056-nam-eastus", "migrationStage":"NotStarted", "server":"akswtt10600001x"}}
{"logTime": "1109/074431", "correlationVector":"PdeoAUaGE5IsW+3umoDD8e.2","action":"Commit Response", "result":"Success", "context":Result: Success. cV=PdeoAUaGE5IsW+3umoDD8e.0;server=akswtt10600001x;cloudType=Consumer;environment=Prod_eastus_prod-s01-056-nam-eastus;migrationStage=NotStarted}
{"logTime": "1109/074502", "correlationVector":"vkN5v+s6VlmO8OiTVA1tlO","action":"Normal GetUpdate request", "result":"", "context":cV=vkN5v+s6VlmO8OiTVA1tlO
Notified types: History}
{"logTime": "1109/074502", "correlationVector":"vkN5v+s6VlmO8OiTVA1tlO.1","action":"SyncServerConnectionManagerRequest", "result":"SYNC_SERVER_OK", "context":{"environment":"Prod_eastus_prod-s01-056-nam-eastus", "migrationStage":"NotStarted", "server":"akswtt10600001t"}}
{"logTime": "1109/074502", "correlationVector":"vkN5v+s6VlmO8OiTVA1tlO.2","action":"ProcessGetUpdates", "result":"Done", "context":{"dataType":"Sessions", "deleted":"0", "process_failed_to_decrypt":"0", "process_pending_decryption":"0", "process_success":"3", "total":"3"}}
{"logTime": "1109/074502", "correlationVector":"vkN5v+s6VlmO8OiTVA1tlO.3","action":"ProcessGetUpdates", "result":"Done", "context":{"dataType":"History", "deleted":"0", "process_failed_to_decrypt":"0", "process_pending_decryption":"0", "process_success":"2", "total":"2"}}
{"logTime": "1109/074502", "correlationVector":"vkN5v+s6VlmO8OiTVA1tlO.4","action":"GetUpdates Response", "result":"Success", "context":Received 5 update(s). cV=vkN5v+s6VlmO8OiTVA1tlO.0;server=akswtt10600001t;cloudType=Consumer;environment=Prod_eastus_prod-s01-056-nam-eastus;migrationStage=NotStarted}
{"logTime": "1109/074945", "correlationVector":"1urkAJcoA4PHAAQVmTRtp1","action":"Commit Request", "result":"", "context":Item count: 3
Contributing types: Sessions, History}
{"logTime": "1109/074945", "correlationVector":"1urkAJcoA4PHAAQVmTRtp1.1","action":"SyncServerConnectionManagerRequest", "result":"SYNC_SERVER_OK", "context":{"environment":"Prod_eastus_prod-s01-056-nam-eastus", "migrationStage":"NotStarted", "server":"akswtt10600001t"}}
{"logTime": "1109/074945", "correlationVector":"1urkAJcoA4PHAAQVmTRtp1.2","action":"Commit Response", "result":"Success", "context":Result: Success. cV=1urkAJcoA4PHAAQVmTRtp1.0;server=akswtt10600001t;cloudType=Consumer;environment=Prod_eastus_prod-s01-056-nam-eastus;migrationStage=NotStarted}
{"logTime": "1109/100357", "correlationVector":"AcuB6j1/A9q5As9S85QcW7.1","action":"SyncServerConnectionManagerRequest", "result":"SYNC_SERVER_OK", "context":{"environment":"Prod_eastus_prod-s01-056-nam-eastus", "migrationStage":"NotStarted", "server":"akswtt10600001u"}}
{"logTime": "1109/100357", "correlationVector":"AcuB6j1/A9q5As9S85QcW7.2","action":"ProcessGetUpdates", "result":"Done", "context":{"dataType":"Encryption Keys", "deleted":"0", "process_failed_to_decrypt":"0", "process_pending_decryption":"0", "process_success":"1", "total":"1"}}
{"logTime": "1109/100357", "correlationVector":"2ZUCQvtYPOVwG8vz+hXk9H","action":"SyncServerConnectionManagerRequest", "result":"SYNC_SERVER_OK", "context":{"environment":"", "migrationStage":"", "server":""}}
{"logTime": "1109/100357", "correlationVector":"2ZUCQvtYPOVwG8vz+hXk9H.0","action":"EncryptionKeysFetcher.DownloadKeys:", "result":"Success", "context":Key count: 10, Last key timestamp: 2025-09-05T19:05:46Z}
{"logTime": "1109/100357", "correlationVector":"2ZUCQvtYPOVwG8vz+hXk9H.1","action":"EncryptionKeysManager::SetEncryptionKeys:", "result":"Success", "context":Key names[10]:[OafjDtlpHxxw5ayAetR8Da+uQVQGmfC9SV5lVtPBoOitTIfw6U0L3sUxGSHvssRbLgF/QohyDg9XhJNYMSM5QQ==][YFY6ovwQRBH8xF9avXpuI/YZsaSj386kufKJD4QoAJEq6Wz8TDw8tKSzYd0s25L7nninH1I+krCppPXuGKxQBw==][G80nQoSWjPoOkKC/BgEa9nQYRMdMh6Quzer/h5nppi1UHLNjO+6/D+29oZMwnPege2wzKcWQSc0hizixMU4obA==][pi51E5Nu5u9sgZcenY+VhNq8bFD4CDe5x8RiZISNkrcDNdrHUt3XF2zL2p5W5l9/SFHbeZkg6gyUAADaFZrGEg==][C2GiEpCTUY7DyO92CyR6pAqheW4fiWfWR6NntzXY8ihOyMpJ4F+oBomBfbbJ2NVyuRnRJmoAd8/EwdTaqHMN3g==][DMsOmLSCK7z2oQSkaIT4JdaswkDxhjK1OSq47Q8w5dflkqfI4j7hnnd2cHP5iNkScUAybTUjv1wB3Eh+DYNB5A==][Rkw6noTTSaDPMPwED+qEtnZtoTuXmUxMonmbStfIc7Vjdy71kBll+E4dTqxSmAhjkvXWv04owmnHbjCRwo8UXA==][X6bGNKbxG1hKkDoSJNfZRr3pWHBZoqhRx5yq/7ykd19R3Vhe3qcp0ZSZCu3nEp/UJkUTUTJ6fRPG0rL8XuFzfw==][RBwuDqIzorDcCNRvTOPy6vshW2XvL5xtbg6s49ErjPgltLIk6LKXaJeAOmHCE1J5B7mcYcNdKhWE/rT/80mcEg==][aEVHdA3XovfbIdP/0XLAWdfuXuPfYMU15+vPnFxNvr6D29dbsA9LJkblsl5bUdMKEaLgn7cHW8ZRQJxHQS4wmA==]}
{"logTime": "1109/100357", "correlationVector":"2ZUCQvtYPOVwG8vz+hXk9H.2","action":"EncryptionKeysManager::SetEncryptionKeysWithTimestamps:", "result":"Success", "context":Key timestamps[10]:[2021-02-17T15:42:08Z][2021-08-09T22:40:39Z][2022-02-10T17:15:56Z][2022-08-12T18:31:24Z][2023-02-16T15:34:33Z][2023-09-12T11:41:34Z][2024-03-12T00:35:03Z][2024-09-09T03:24:06Z][2025-03-08T18:35:34Z][2025-09-05T19:05:46Z]}
{"logTime": "1109/100357", "correlationVector":"AcuB6j1/A9q5As9S85QcW7","action":"Initial GetUpdates", "result":"", "context":Reason: NEW_CLIENT. cV=AcuB6j1/A9q5As9S85QcW7}
{"logTime": "1109/100357", "correlationVector":"AcuB6j1/A9q5As9S85QcW7.3","action":"GetUpdates Response", "result":"Success", "context":Received 1 update(s). cV=AcuB6j1/A9q5As9S85QcW7.0;server=akswtt10600001u;cloudType=Consumer;environment=Prod_eastus_prod-s01-056-nam-eastus;migrationStage=NotStarted}
{"logTime": "1109/100357", "correlationVector":"Iafx2DLUkjYeeb6uUFXwrW","action":"Initial GetUpdates", "result":"", "context":Reason: NEWLY_SUPPORTED_DATATYPE. cV=Iafx2DLUkjYeeb6uUFXwrW}
{"logTime": "1109/100358", "correlationVector":"Iafx2DLUkjYeeb6uUFXwrW.1","action":"SyncServerConnectionManagerRequest", "result":"SYNC_SERVER_OK", "context":{"environment":"Prod_eastus_prod-s01-056-nam-eastus", "migrationStage":"NotStarted", "server":"akswtt10600001t"}}
{"logTime": "1109/100358", "correlationVector":"Iafx2DLUkjYeeb6uUFXwrW.2","action":"ProcessGetUpdates", "result":"Done", "context":{"dataType":"Passwords", "deleted":"9", "process_failed_to_decrypt":"0", "process_pending_decryption":"0", "process_success":"185", "total":"185"}}
{"logTime": "1109/100358", "correlationVector":"Iafx2DLUkjYeeb6uUFXwrW.3","action":"GetUpdates Response", "result":"Success", "context":Received 185 update(s). cV=Iafx2DLUkjYeeb6uUFXwrW.0;server=akswtt10600001t;cloudType=Consumer;environment=Prod_eastus_prod-s01-056-nam-eastus;migrationStage=NotStarted}
{"logTime": "1109/100358", "correlationVector":"kF7mmb+xmVblDJte1ciMvT","action":"Normal GetUpdate request", "result":"", "context":cV=kF7mmb+xmVblDJte1ciMvT
Nudged types: Sessions, History
Refresh requested types: Bookmarks, Preferences, Passwords, Autofill Profiles, Autofill, Extensions, Sessions, Extension settings, History Delete Directives, Device Info, User Consents, Send Tab To Self, Web Apps, History, Saved Tab Group, WebAuthn Credentials, Collection, Edge E Drop, Edge Hub App Usage, Edge Wallet, Encryption Keys}
{"logTime": "1109/100358", "correlationVector":"kF7mmb+xmVblDJte1ciMvT.1","action":"SyncServerConnectionManagerRequest", "result":"SYNC_SERVER_OK", "context":{"environment":"Prod_eastus_prod-s01-056-nam-eastus", "migrationStage":"NotStarted", "server":"akswtt106000023"}}
{"logTime": "1109/100358", "correlationVector":"kF7mmb+xmVblDJte1ciMvT.2","action":"ProcessGetUpdates", "result":"Done", "context":{"dataType":"Sessions", "deleted":"1", "process_failed_to_decrypt":"0", "process_pending_decryption":"0", "process_success":"4", "total":"4"}}
{"logTime": "1109/100358", "correlationVector":"kF7mmb+xmVblDJte1ciMvT.3","action":"ProcessGetUpdates", "result":"Done", "context":{"dataType":"History", "deleted":"0", "process_failed_to_decrypt":"0", "process_pending_decryption":"0", "process_success":"3", "total":"3"}}
{"logTime": "1109/100358", "correlationVector":"kF7mmb+xmVblDJte1ciMvT.4","action":"GetUpdates Response", "result":"Success", "context":Received 7 update(s). cV=kF7mmb+xmVblDJte1ciMvT.0;server=akswtt106000023;cloudType=Consumer;environment=Prod_eastus_prod-s01-056-nam-eastus;migrationStage=NotStarted}
{"logTime": "1109/100358", "correlationVector":"99DGcLYBETBstSqoaHNypn","action":"Commit Request", "result":"", "context":Item count: 3
Contributing types: Sessions, History}
{"logTime": "1109/100359", "correlationVector":"99DGcLYBETBstSqoaHNypn.1","action":"SyncServerConnectionManagerRequest", "result":"SYNC_SERVER_OK", "context":{"environment":"Prod_eastus_prod-s01-056-nam-eastus", "migrationStage":"NotStarted", "server":"akswtt106000002"}}
{"logTime": "1109/100359", "correlationVector":"99DGcLYBETBstSqoaHNypn.2","action":"Commit Response", "result":"Success", "context":Result: Success. cV=99DGcLYBETBstSqoaHNypn.0;server=akswtt106000002;cloudType=Consumer;environment=Prod_eastus_prod-s01-056-nam-eastus;migrationStage=NotStarted}
{"logTime": "1109/100400", "correlationVector":"8d6QBisW25J1EYj/O2ZijC","action":"Normal GetUpdate request", "result":"", "context":cV=8d6QBisW25J1EYj/O2ZijC
Nudged types: Sessions, History
Notified types: History}
{"logTime": "1109/100400", "correlationVector":"8d6QBisW25J1EYj/O2ZijC.1","action":"SyncServerConnectionManagerRequest", "result":"SYNC_SERVER_OK", "context":{"environment":"Prod_eastus_prod-s01-056-nam-eastus", "migrationStage":"NotStarted", "server":"akswtt10600001z"}}
{"logTime": "1109/100400", "correlationVector":"8d6QBisW25J1EYj/O2ZijC.2","action":"ProcessGetUpdates", "result":"Done", "context":{"dataType":"Sessions", "deleted":"1", "process_failed_to_decrypt":"0", "process_pending_decryption":"0", "process_success":"5", "total":"5"}}
{"logTime": "1109/100400", "correlationVector":"8d6QBisW25J1EYj/O2ZijC.3","action":"ProcessGetUpdates", "result":"Done", "context":{"dataType":"History", "deleted":"0", "process_failed_to_decrypt":"0", "process_pending_decryption":"0", "process_success":"2", "total":"2"}}
{"logTime": "1109/100400", "correlationVector":"8d6QBisW25J1EYj/O2ZijC.4","action":"GetUpdates Response", "result":"Success", "context":Received 7 update(s). cV=8d6QBisW25J1EYj/O2ZijC.0;server=akswtt10600001z;cloudType=Consumer;environment=Prod_eastus_prod-s01-056-nam-eastus;migrationStage=NotStarted}
{"logTime": "1109/100405", "correlationVector":"/60lkDvRyLO2XDi83oK5JS","action":"Commit Request", "result":"", "context":Item count: 40
Contributing types: Passwords}
{"logTime": "1109/100407", "correlationVector":"/60lkDvRyLO2XDi83oK5JS.1","action":"SyncServerConnectionManagerRequest", "result":"SYNC_SERVER_OK", "context":{"environment":"Prod_eastus_prod-s01-056-nam-eastus", "migrationStage":"NotStarted", "server":"akswtt10600001c"}}
{"logTime": "1109/100407", "correlationVector":"/60lkDvRyLO2XDi83oK5JS.2","action":"Commit Response", "result":"Success", "context":Result: Success. cV=/60lkDvRyLO2XDi83oK5JS.0;server=akswtt10600001c;cloudType=Consumer;environment=Prod_eastus_prod-s01-056-nam-eastus;migrationStage=NotStarted}
{"logTime": "1109/100407", "correlationVector":"vXO0q9+2seds3q3b2KlgyX","action":"Commit Request", "result":"", "context":Item count: 40
Contributing types: Passwords}
{"logTime": "1109/100410", "correlationVector":"vXO0q9+2seds3q3b2KlgyX.1","action":"SyncServerConnectionManagerRequest", "result":"SYNC_SERVER_OK", "context":{"environment":"Prod_eastus_prod-s01-056-nam-eastus", "migrationStage":"NotStarted", "server":"akswtt10600001z"}}
{"logTime": "1109/100410", "correlationVector":"vXO0q9+2seds3q3b2KlgyX.2","action":"Commit Response", "result":"Success", "context":Result: Success. cV=vXO0q9+2seds3q3b2KlgyX.0;server=akswtt10600001z;cloudType=Consumer;environment=Prod_eastus_prod-s01-056-nam-eastus;migrationStage=NotStarted}
{"logTime": "1109/100410", "correlationVector":"k5jRCI2MkLoBBN+mKAjlcM","action":"Commit Request", "result":"", "context":Item count: 40
Contributing types: Passwords}
{"logTime": "1109/100412", "correlationVector":"k5jRCI2MkLoBBN+mKAjlcM.1","action":"SyncServerConnectionManagerRequest", "result":"SYNC_SERVER_OK", "context":{"environment":"Prod_eastus_prod-s01-056-nam-eastus", "migrationStage":"NotStarted", "server":"akswtt106000003"}}
{"logTime": "1109/100412", "correlationVector":"k5jRCI2MkLoBBN+mKAjlcM.2","action":"Commit Response", "result":"Success", "context":Result: Success. cV=k5jRCI2MkLoBBN+mKAjlcM.0;server=akswtt106000003;cloudType=Consumer;environment=Prod_eastus_prod-s01-056-nam-eastus;migrationStage=NotStarted}
{"logTime": "1109/100412", "correlationVector":"jSLbMp2F9dMUd05I561huM","action":"Commit Request", "result":"", "context":Item count: 39
Contributing types: Preferences, Passwords, Sessions, History}
{"logTime": "1109/100414", "correlationVector":"jSLbMp2F9dMUd05I561huM.1","action":"SyncServerConnectionManagerRequest", "result":"SYNC_SERVER_OK", "context":{"environment":"Prod_eastus_prod-s01-056-nam-eastus", "migrationStage":"NotStarted", "server":"akswtt10600001m"}}
{"logTime": "1109/100414", "correlationVector":"jSLbMp2F9dMUd05I561huM.2","action":"Commit Response", "result":"Success", "context":Result: Success. cV=jSLbMp2F9dMUd05I561huM.0;server=akswtt10600001m;cloudType=Consumer;environment=Prod_eastus_prod-s01-056-nam-eastus;migrationStage=NotStarted}
{"logTime": "1109/100507", "correlationVector":"1atiWg1zPVN50Ynj5RRKXD","action":"Commit Request", "result":"", "context":Item count: 1
Contributing types: Preferences}
{"logTime": "1109/100507", "correlationVector":"1atiWg1zPVN50Ynj5RRKXD.1","action":"SyncServerConnectionManagerRequest", "result":"SYNC_SERVER_OK", "context":{"environment":"Prod_eastus_prod-s01-056-nam-eastus", "migrationStage":"NotStarted", "server":"akswtt10600001n"}}
{"logTime": "1109/100507", "correlationVector":"1atiWg1zPVN50Ynj5RRKXD.2","action":"Commit Response", "result":"Success", "context":Result: Success. cV=1atiWg1zPVN50Ynj5RRKXD.0;server=akswtt10600001n;cloudType=Consumer;environment=Prod_eastus_prod-s01-056-nam-eastus;migrationStage=NotStarted}
{"logTime": "1109/100730", "correlationVector":"cp+QKkeeIoN4xlYT+6NzjE","action":"Commit Request", "result":"", "context":Item count: 3
Contributing types: Sessions, History}
{"logTime": "1109/100730", "correlationVector":"cp+QKkeeIoN4xlYT+6NzjE.1","action":"SyncServerConnectionManagerRequest", "result":"SYNC_SERVER_OK", "context":{"environment":"Prod_eastus_prod-s01-056-nam-eastus", "migrationStage":"NotStarted", "server":"akswtt106000023"}}
{"logTime": "1109/100730", "correlationVector":"cp+QKkeeIoN4xlYT+6NzjE.2","action":"Commit Response", "result":"Success", "context":Result: Success. cV=cp+QKkeeIoN4xlYT+6NzjE.0;server=akswtt106000023;cloudType=Consumer;environment=Prod_eastus_prod-s01-056-nam-eastus;migrationStage=NotStarted}
{"logTime": "1109/103834", "correlationVector":"GWJBAyqw5mRC9A9Ctn9xwF.1","action":"SyncServerConnectionManagerRequest", "result":"SYNC_SERVER_OK", "context":{"environment":"Prod_eastus_prod-s01-056-nam-eastus", "migrationStage":"NotStarted", "server":"akswtt10600001j"}}
{"logTime": "1109/103834", "correlationVector":"GWJBAyqw5mRC9A9Ctn9xwF.2","action":"ProcessGetUpdates", "result":"Done", "context":{"dataType":"Encryption Keys", "deleted":"0", "process_failed_to_decrypt":"0", "process_pending_decryption":"0", "process_success":"1", "total":"1"}}
{"logTime": "1109/103835", "correlationVector":"EQOzJNG73J95rxGbzcD6/s","action":"SyncServerConnectionManagerRequest", "result":"SYNC_SERVER_OK", "context":{"environment":"", "migrationStage":"", "server":""}}
{"logTime": "1109/103835", "correlationVector":"EQOzJNG73J95rxGbzcD6/s.0","action":"EncryptionKeysFetcher.DownloadKeys:", "result":"Success", "context":Key count: 10, Last key timestamp: 2025-09-05T19:05:46Z}
{"logTime": "1109/103835", "correlationVector":"EQOzJNG73J95rxGbzcD6/s.1","action":"EncryptionKeysManager::SetEncryptionKeys:", "result":"Success", "context":Key names[10]:[OafjDtlpHxxw5ayAetR8Da+uQVQGmfC9SV5lVtPBoOitTIfw6U0L3sUxGSHvssRbLgF/QohyDg9XhJNYMSM5QQ==][YFY6ovwQRBH8xF9avXpuI/YZsaSj386kufKJD4QoAJEq6Wz8TDw8tKSzYd0s25L7nninH1I+krCppPXuGKxQBw==][G80nQoSWjPoOkKC/BgEa9nQYRMdMh6Quzer/h5nppi1UHLNjO+6/D+29oZMwnPege2wzKcWQSc0hizixMU4obA==][pi51E5Nu5u9sgZcenY+VhNq8bFD4CDe5x8RiZISNkrcDNdrHUt3XF2zL2p5W5l9/SFHbeZkg6gyUAADaFZrGEg==][C2GiEpCTUY7DyO92CyR6pAqheW4fiWfWR6NntzXY8ihOyMpJ4F+oBomBfbbJ2NVyuRnRJmoAd8/EwdTaqHMN3g==][DMsOmLSCK7z2oQSkaIT4JdaswkDxhjK1OSq47Q8w5dflkqfI4j7hnnd2cHP5iNkScUAybTUjv1wB3Eh+DYNB5A==][Rkw6noTTSaDPMPwED+qEtnZtoTuXmUxMonmbStfIc7Vjdy71kBll+E4dTqxSmAhjkvXWv04owmnHbjCRwo8UXA==][X6bGNKbxG1hKkDoSJNfZRr3pWHBZoqhRx5yq/7ykd19R3Vhe3qcp0ZSZCu3nEp/UJkUTUTJ6fRPG0rL8XuFzfw==][RBwuDqIzorDcCNRvTOPy6vshW2XvL5xtbg6s49ErjPgltLIk6LKXaJeAOmHCE1J5B7mcYcNdKhWE/rT/80mcEg==][aEVHdA3XovfbIdP/0XLAWdfuXuPfYMU15+vPnFxNvr6D29dbsA9LJkblsl5bUdMKEaLgn7cHW8ZRQJxHQS4wmA==]}
{"logTime": "1109/103835", "correlationVector":"EQOzJNG73J95rxGbzcD6/s.2","action":"EncryptionKeysManager::SetEncryptionKeysWithTimestamps:", "result":"Success", "context":Key timestamps[10]:[2021-02-17T15:42:08Z][2021-08-09T22:40:39Z][2022-02-10T17:15:56Z][2022-08-12T18:31:24Z][2023-02-16T15:34:33Z][2023-09-12T11:41:34Z][2024-03-12T00:35:03Z][2024-09-09T03:24:06Z][2025-03-08T18:35:34Z][2025-09-05T19:05:46Z]}
{"logTime": "1109/103835", "correlationVector":"GWJBAyqw5mRC9A9Ctn9xwF","action":"Initial GetUpdates", "result":"", "context":Reason: NEW_CLIENT. cV=GWJBAyqw5mRC9A9Ctn9xwF}
{"logTime": "1109/103835", "correlationVector":"GWJBAyqw5mRC9A9Ctn9xwF.3","action":"GetUpdates Response", "result":"Success", "context":Received 1 update(s). cV=GWJBAyqw5mRC9A9Ctn9xwF.0;server=akswtt10600001j;cloudType=Consumer;environment=Prod_eastus_prod-s01-056-nam-eastus;migrationStage=NotStarted}
{"logTime": "1109/103835", "correlationVector":"NR12FE7TZ75v/CbpSdmiqz","action":"Initial GetUpdates", "result":"", "context":Reason: NEWLY_SUPPORTED_DATATYPE. cV=NR12FE7TZ75v/CbpSdmiqz}
{"logTime": "1109/103836", "correlationVector":"NR12FE7TZ75v/CbpSdmiqz.1","action":"SyncServerConnectionManagerRequest", "result":"SYNC_SERVER_OK", "context":{"environment":"Prod_eastus_prod-s01-056-nam-eastus", "migrationStage":"NotStarted", "server":"akswtt106000024"}}
{"logTime": "1109/103836", "correlationVector":"NR12FE7TZ75v/CbpSdmiqz.2","action":"ProcessGetUpdates", "result":"Done", "context":{"dataType":"Passwords", "deleted":"9", "process_failed_to_decrypt":"0", "process_pending_decryption":"0", "process_success":"185", "total":"185"}}
{"logTime": "1109/103836", "correlationVector":"NR12FE7TZ75v/CbpSdmiqz.3","action":"GetUpdates Response", "result":"Success", "context":Received 185 update(s). cV=NR12FE7TZ75v/CbpSdmiqz.0;server=akswtt106000024;cloudType=Consumer;environment=Prod_eastus_prod-s01-056-nam-eastus;migrationStage=NotStarted}
{"logTime": "1109/103836", "correlationVector":"O86FTx5DJBbOdN3NQaYbEp","action":"Normal GetUpdate request", "result":"", "context":cV=O86FTx5DJBbOdN3NQaYbEp
Nudged types: Sessions, History
Refresh requested types: Bookmarks, Preferences, Passwords, Autofill Profiles, Autofill, Extensions, Sessions, Extension settings, History Delete Directives, Device Info, User Consents, Send Tab To Self, Web Apps, History, Saved Tab Group, WebAuthn Credentials, Collection, Edge E Drop, Edge Hub App Usage, Edge Wallet, Encryption Keys}
{"logTime": "1109/103836", "correlationVector":"O86FTx5DJBbOdN3NQaYbEp.1","action":"SyncServerConnectionManagerRequest", "result":"SYNC_SERVER_OK", "context":{"environment":"Prod_eastus_prod-s01-056-nam-eastus", "migrationStage":"NotStarted", "server":"akswtt10600001n"}}
{"logTime": "1109/103836", "correlationVector":"O86FTx5DJBbOdN3NQaYbEp.2","action":"ProcessGetUpdates", "result":"Done", "context":{"dataType":"Preferences", "deleted":"0", "process_failed_to_decrypt":"0", "process_pending_decryption":"0", "process_success":"2", "total":"2"}}
{"logTime": "1109/103836", "correlationVector":"O86FTx5DJBbOdN3NQaYbEp.3","action":"ProcessGetUpdates", "result":"Done", "context":{"dataType":"Sessions", "deleted":"0", "process_failed_to_decrypt":"0", "process_pending_decryption":"0", "process_success":"1", "total":"1"}}
{"logTime": "1109/103836", "correlationVector":"O86FTx5DJBbOdN3NQaYbEp.4","action":"ProcessGetUpdates", "result":"Done", "context":{"dataType":"History", "deleted":"0", "process_failed_to_decrypt":"0", "process_pending_decryption":"0", "process_success":"2", "total":"2"}}
{"logTime": "1109/103836", "correlationVector":"O86FTx5DJBbOdN3NQaYbEp.5","action":"GetUpdates Response", "result":"Success", "context":Received 5 update(s). cV=O86FTx5DJBbOdN3NQaYbEp.0;server=akswtt10600001n;cloudType=Consumer;environment=Prod_eastus_prod-s01-056-nam-eastus;migrationStage=NotStarted}
{"logTime": "1109/103836", "correlationVector":"wrELJ3sVzWYCeZuxPRhG2q","action":"Commit Request", "result":"", "context":Item count: 3
Contributing types: Sessions, History}
{"logTime": "1109/103836", "correlationVector":"wrELJ3sVzWYCeZuxPRhG2q.1","action":"SyncServerConnectionManagerRequest", "result":"SYNC_SERVER_OK", "context":{"environment":"Prod_eastus_prod-s01-056-nam-eastus", "migrationStage":"NotStarted", "server":"akswtt10600001v"}}
{"logTime": "1109/103836", "correlationVector":"wrELJ3sVzWYCeZuxPRhG2q.2","action":"Commit Response", "result":"Success", "context":Result: Success. cV=wrELJ3sVzWYCeZuxPRhG2q.0;server=akswtt10600001v;cloudType=Consumer;environment=Prod_eastus_prod-s01-056-nam-eastus;migrationStage=NotStarted}
{"logTime": "1109/103843", "correlationVector":"ujwM+ru7wGV/mO4KNkbz/Y","action":"Commit Request", "result":"", "context":Item count: 40
Contributing types: Passwords}
{"logTime": "1109/103846", "correlationVector":"ujwM+ru7wGV/mO4KNkbz/Y.1","action":"SyncServerConnectionManagerRequest", "result":"SYNC_SERVER_OK", "context":{"environment":"Prod_eastus_prod-s01-056-nam-eastus", "migrationStage":"NotStarted", "server":"akswtt10600001p"}}
{"logTime": "1109/103846", "correlationVector":"ujwM+ru7wGV/mO4KNkbz/Y.2","action":"Commit Response", "result":"Success", "context":Result: Success. cV=ujwM+ru7wGV/mO4KNkbz/Y.0;server=akswtt10600001p;cloudType=Consumer;environment=Prod_eastus_prod-s01-056-nam-eastus;migrationStage=NotStarted}
{"logTime": "1109/103846", "correlationVector":"WKKs3G67Q+CkFhg49gwoca","action":"Commit Request", "result":"", "context":Item count: 40
Contributing types: Passwords}
{"logTime": "1109/103848", "correlationVector":"WKKs3G67Q+CkFhg49gwoca.1","action":"SyncServerConnectionManagerRequest", "result":"SYNC_SERVER_OK", "context":{"environment":"Prod_eastus_prod-s01-056-nam-eastus", "migrationStage":"NotStarted", "server":"akswtt10600000a"}}
{"logTime": "1109/103848", "correlationVector":"WKKs3G67Q+CkFhg49gwoca.2","action":"Commit Response", "result":"Success", "context":Result: Success. cV=WKKs3G67Q+CkFhg49gwoca.0;server=akswtt10600000a;cloudType=Consumer;environment=Prod_eastus_prod-s01-056-nam-eastus;migrationStage=NotStarted}
{"logTime": "1109/103848", "correlationVector":"TftrsnzaB4edvDH4mS6YON","action":"Commit Request", "result":"", "context":Item count: 40
Contributing types: Passwords}
{"logTime": "1109/103850", "correlationVector":"TftrsnzaB4edvDH4mS6YON.1","action":"SyncServerConnectionManagerRequest", "result":"SYNC_SERVER_OK", "context":{"environment":"Prod_eastus_prod-s01-056-nam-eastus", "migrationStage":"NotStarted", "server":"akswtt10600001p"}}
{"logTime": "1109/103850", "correlationVector":"TftrsnzaB4edvDH4mS6YON.2","action":"Commit Response", "result":"Success", "context":Result: Success. cV=TftrsnzaB4edvDH4mS6YON.0;server=akswtt10600001p;cloudType=Consumer;environment=Prod_eastus_prod-s01-056-nam-eastus;migrationStage=NotStarted}
{"logTime": "1109/103850", "correlationVector":"CRDlfbKdH/uWttOwKAscVk","action":"Commit Request", "result":"", "context":Item count: 39
Contributing types: Preferences, Passwords, Sessions, History}
{"logTime": "1109/103852", "correlationVector":"CRDlfbKdH/uWttOwKAscVk.1","action":"SyncServerConnectionManagerRequest", "result":"SYNC_SERVER_OK", "context":{"environment":"Prod_eastus_prod-s01-056-nam-eastus", "migrationStage":"NotStarted", "server":"akswtt10600001r"}}
{"logTime": "1109/103852", "correlationVector":"CRDlfbKdH/uWttOwKAscVk.2","action":"Commit Response", "result":"Success", "context":Result: Success. cV=CRDlfbKdH/uWttOwKAscVk.0;server=akswtt10600001r;cloudType=Consumer;environment=Prod_eastus_prod-s01-056-nam-eastus;migrationStage=NotStarted}
{"logTime": "1109/103941", "correlationVector":"ZG7g0Z6HymWCDaSE5lzv7o","action":"Commit Request", "result":"", "context":Item count: 1
Contributing types: Preferences}
{"logTime": "1109/103941", "correlationVector":"ZG7g0Z6HymWCDaSE5lzv7o.1","action":"SyncServerConnectionManagerRequest", "result":"SYNC_SERVER_OK", "context":{"environment":"Prod_eastus_prod-s01-056-nam-eastus", "migrationStage":"NotStarted", "server":"akswtt106000002"}}
{"logTime": "1109/103941", "correlationVector":"ZG7g0Z6HymWCDaSE5lzv7o.2","action":"Commit Response", "result":"Success", "context":Result: Success. cV=ZG7g0Z6HymWCDaSE5lzv7o.0;server=akswtt106000002;cloudType=Consumer;environment=Prod_eastus_prod-s01-056-nam-eastus;migrationStage=NotStarted}
{"logTime": "1109/111337", "correlationVector":"ywlKHdQcDlKGwpk2ksXHR7.1","action":"SyncServerConnectionManagerRequest", "result":"SYNC_SERVER_OK", "context":{"environment":"Prod_eastus_prod-s01-056-nam-eastus", "migrationStage":"NotStarted", "server":"akswtt10600001j"}}
{"logTime": "1109/111337", "correlationVector":"ywlKHdQcDlKGwpk2ksXHR7.2","action":"ProcessGetUpdates", "result":"Done", "context":{"dataType":"Encryption Keys", "deleted":"0", "process_failed_to_decrypt":"0", "process_pending_decryption":"0", "process_success":"1", "total":"1"}}
{"logTime": "1109/111337", "correlationVector":"AdbTWcK/zaTpVaPkIUXnXn","action":"SyncServerConnectionManagerRequest", "result":"SYNC_SERVER_OK", "context":{"environment":"", "migrationStage":"", "server":""}}
{"logTime": "1109/111337", "correlationVector":"AdbTWcK/zaTpVaPkIUXnXn.0","action":"EncryptionKeysFetcher.DownloadKeys:", "result":"Success", "context":Key count: 10, Last key timestamp: 2025-09-05T19:05:46Z}
{"logTime": "1109/111337", "correlationVector":"AdbTWcK/zaTpVaPkIUXnXn.1","action":"EncryptionKeysManager::SetEncryptionKeys:", "result":"Success", "context":Key names[10]:[OafjDtlpHxxw5ayAetR8Da+uQVQGmfC9SV5lVtPBoOitTIfw6U0L3sUxGSHvssRbLgF/QohyDg9XhJNYMSM5QQ==][YFY6ovwQRBH8xF9avXpuI/YZsaSj386kufKJD4QoAJEq6Wz8TDw8tKSzYd0s25L7nninH1I+krCppPXuGKxQBw==][G80nQoSWjPoOkKC/BgEa9nQYRMdMh6Quzer/h5nppi1UHLNjO+6/D+29oZMwnPege2wzKcWQSc0hizixMU4obA==][pi51E5Nu5u9sgZcenY+VhNq8bFD4CDe5x8RiZISNkrcDNdrHUt3XF2zL2p5W5l9/SFHbeZkg6gyUAADaFZrGEg==][C2GiEpCTUY7DyO92CyR6pAqheW4fiWfWR6NntzXY8ihOyMpJ4F+oBomBfbbJ2NVyuRnRJmoAd8/EwdTaqHMN3g==][DMsOmLSCK7z2oQSkaIT4JdaswkDxhjK1OSq47Q8w5dflkqfI4j7hnnd2cHP5iNkScUAybTUjv1wB3Eh+DYNB5A==][Rkw6noTTSaDPMPwED+qEtnZtoTuXmUxMonmbStfIc7Vjdy71kBll+E4dTqxSmAhjkvXWv04owmnHbjCRwo8UXA==][X6bGNKbxG1hKkDoSJNfZRr3pWHBZoqhRx5yq/7ykd19R3Vhe3qcp0ZSZCu3nEp/UJkUTUTJ6fRPG0rL8XuFzfw==][RBwuDqIzorDcCNRvTOPy6vshW2XvL5xtbg6s49ErjPgltLIk6LKXaJeAOmHCE1J5B7mcYcNdKhWE/rT/80mcEg==][aEVHdA3XovfbIdP/0XLAWdfuXuPfYMU15+vPnFxNvr6D29dbsA9LJkblsl5bUdMKEaLgn7cHW8ZRQJxHQS4wmA==]}
{"logTime": "1109/111337", "correlationVector":"AdbTWcK/zaTpVaPkIUXnXn.2","action":"EncryptionKeysManager::SetEncryptionKeysWithTimestamps:", "result":"Success", "context":Key timestamps[10]:[2021-02-17T15:42:08Z][2021-08-09T22:40:39Z][2022-02-10T17:15:56Z][2022-08-12T18:31:24Z][2023-02-16T15:34:33Z][2023-09-12T11:41:34Z][2024-03-12T00:35:03Z][2024-09-09T03:24:06Z][2025-03-08T18:35:34Z][2025-09-05T19:05:46Z]}
{"logTime": "1109/111337", "correlationVector":"ywlKHdQcDlKGwpk2ksXHR7","action":"Initial GetUpdates", "result":"", "context":Reason: NEW_CLIENT. cV=ywlKHdQcDlKGwpk2ksXHR7}
{"logTime": "1109/111337", "correlationVector":"ywlKHdQcDlKGwpk2ksXHR7.3","action":"GetUpdates Response", "result":"Success", "context":Received 1 update(s). cV=ywlKHdQcDlKGwpk2ksXHR7.0;server=akswtt10600001j;cloudType=Consumer;environment=Prod_eastus_prod-s01-056-nam-eastus;migrationStage=NotStarted}
{"logTime": "1109/111337", "correlationVector":"gUw1axv6wXIFtKZ9VtMKFF","action":"Initial GetUpdates", "result":"", "context":Reason: NEWLY_SUPPORTED_DATATYPE. cV=gUw1axv6wXIFtKZ9VtMKFF}
{"logTime": "1109/111338", "correlationVector":"gUw1axv6wXIFtKZ9VtMKFF.1","action":"SyncServerConnectionManagerRequest", "result":"SYNC_SERVER_OK", "context":{"environment":"Prod_eastus_prod-s01-056-nam-eastus", "migrationStage":"NotStarted", "server":"akswtt10600001t"}}
{"logTime": "1109/111338", "correlationVector":"gUw1axv6wXIFtKZ9VtMKFF.2","action":"ProcessGetUpdates", "result":"Done", "context":{"dataType":"Passwords", "deleted":"9", "process_failed_to_decrypt":"0", "process_pending_decryption":"0", "process_success":"185", "total":"185"}}
{"logTime": "1109/111338", "correlationVector":"gUw1axv6wXIFtKZ9VtMKFF.3","action":"GetUpdates Response", "result":"Success", "context":Received 185 update(s). cV=gUw1axv6wXIFtKZ9VtMKFF.0;server=akswtt10600001t;cloudType=Consumer;environment=Prod_eastus_prod-s01-056-nam-eastus;migrationStage=NotStarted}
{"logTime": "1109/111338", "correlationVector":"0lgjGHwvq3vrnpr4YBPaqY","action":"Normal GetUpdate request", "result":"", "context":cV=0lgjGHwvq3vrnpr4YBPaqY
Nudged types: Sessions, History
Refresh requested types: Bookmarks, Preferences, Passwords, Autofill Profiles, Autofill, Extensions, Sessions, Extension settings, History Delete Directives, Device Info, User Consents, Send Tab To Self, Web Apps, History, Saved Tab Group, WebAuthn Credentials, Collection, Edge E Drop, Edge Hub App Usage, Edge Wallet, Encryption Keys}
{"logTime": "1109/111338", "correlationVector":"0lgjGHwvq3vrnpr4YBPaqY.1","action":"SyncServerConnectionManagerRequest", "result":"SYNC_SERVER_OK", "context":{"environment":"Prod_eastus_prod-s01-056-nam-eastus", "migrationStage":"NotStarted", "server":"akswtt10600001l"}}
{"logTime": "1109/111338", "correlationVector":"0lgjGHwvq3vrnpr4YBPaqY.2","action":"ProcessGetUpdates", "result":"Done", "context":{"dataType":"Preferences", "deleted":"0", "process_failed_to_decrypt":"0", "process_pending_decryption":"0", "process_success":"2", "total":"2"}}
{"logTime": "1109/111338", "correlationVector":"0lgjGHwvq3vrnpr4YBPaqY.3","action":"ProcessGetUpdates", "result":"Done", "context":{"dataType":"Sessions", "deleted":"0", "process_failed_to_decrypt":"0", "process_pending_decryption":"0", "process_success":"2", "total":"2"}}
{"logTime": "1109/111338", "correlationVector":"0lgjGHwvq3vrnpr4YBPaqY.4","action":"ProcessGetUpdates", "result":"Done", "context":{"dataType":"History", "deleted":"0", "process_failed_to_decrypt":"0", "process_pending_decryption":"0", "process_success":"2", "total":"2"}}
{"logTime": "1109/111338", "correlationVector":"0lgjGHwvq3vrnpr4YBPaqY.5","action":"GetUpdates Response", "result":"Success", "context":Received 6 update(s). cV=0lgjGHwvq3vrnpr4YBPaqY.0;server=akswtt10600001l;cloudType=Consumer;environment=Prod_eastus_prod-s01-056-nam-eastus;migrationStage=NotStarted}
{"logTime": "1109/111339", "correlationVector":"istCqD4+WEtpX3/+RoMhgF","action":"Commit Request", "result":"", "context":Item count: 3
Contributing types: Sessions, History}
{"logTime": "1109/111339", "correlationVector":"istCqD4+WEtpX3/+RoMhgF.1","action":"SyncServerConnectionManagerRequest", "result":"SYNC_SERVER_OK", "context":{"environment":"Prod_eastus_prod-s01-056-nam-eastus", "migrationStage":"NotStarted", "server":"akswtt10600001z"}}
{"logTime": "1109/111339", "correlationVector":"istCqD4+WEtpX3/+RoMhgF.2","action":"Commit Response", "result":"Success", "context":Result: Success. cV=istCqD4+WEtpX3/+RoMhgF.0;server=akswtt10600001z;cloudType=Consumer;environment=Prod_eastus_prod-s01-056-nam-eastus;migrationStage=NotStarted}
{"logTime": "1109/111339", "correlationVector":"rRV9LMFu6t9Al4h/7pHSz8","action":"Poll GetUpdate request", "result":"", "context":cV=rRV9LMFu6t9Al4h/7pHSz8}
{"logTime": "1109/111339", "correlationVector":"rRV9LMFu6t9Al4h/7pHSz8.1","action":"SyncServerConnectionManagerRequest", "result":"SYNC_SERVER_OK", "context":{"environment":"Prod_eastus_prod-s01-056-nam-eastus", "migrationStage":"NotStarted", "server":"akswtt10600001s"}}
{"logTime": "1109/111339", "correlationVector":"rRV9LMFu6t9Al4h/7pHSz8.2","action":"ProcessGetUpdates", "result":"Done", "context":{"dataType":"Sessions", "deleted":"0", "process_failed_to_decrypt":"0", "process_pending_decryption":"0", "process_success":"2", "total":"2"}}
{"logTime": "1109/111339", "correlationVector":"rRV9LMFu6t9Al4h/7pHSz8.3","action":"ProcessGetUpdates", "result":"Done", "context":{"dataType":"History", "deleted":"0", "process_failed_to_decrypt":"0", "process_pending_decryption":"0", "process_success":"1", "total":"1"}}
{"logTime": "1109/111339", "correlationVector":"rRV9LMFu6t9Al4h/7pHSz8.4","action":"GetUpdates Response", "result":"Success", "context":Received 3 update(s). cV=rRV9LMFu6t9Al4h/7pHSz8.0;server=akswtt10600001s;cloudType=Consumer;environment=Prod_eastus_prod-s01-056-nam-eastus;migrationStage=NotStarted}
{"logTime": "1109/111346", "correlationVector":"438Xc/WbZ9CJm4sFkUfpb3","action":"Commit Request", "result":"", "context":Item count: 40
Contributing types: Passwords}
{"logTime": "1109/111348", "correlationVector":"438Xc/WbZ9CJm4sFkUfpb3.1","action":"SyncServerConnectionManagerRequest", "result":"SYNC_SERVER_OK", "context":{"environment":"Prod_eastus_prod-s01-056-nam-eastus", "migrationStage":"NotStarted", "server":"akswtt10600001w"}}
{"logTime": "1109/111348", "correlationVector":"438Xc/WbZ9CJm4sFkUfpb3.2","action":"Commit Response", "result":"Success", "context":Result: Success. cV=438Xc/WbZ9CJm4sFkUfpb3.0;server=akswtt10600001w;cloudType=Consumer;environment=Prod_eastus_prod-s01-056-nam-eastus;migrationStage=NotStarted}
{"logTime": "1109/111348", "correlationVector":"Lp6l4nr46BbRafk1bg1lMq","action":"Commit Request", "result":"", "context":Item count: 40
Contributing types: Passwords}
{"logTime": "1109/111351", "correlationVector":"Lp6l4nr46BbRafk1bg1lMq.1","action":"SyncServerConnectionManagerRequest", "result":"SYNC_SERVER_OK", "context":{"environment":"Prod_eastus_prod-s01-056-nam-eastus", "migrationStage":"NotStarted", "server":"akswtt10600001q"}}
{"logTime": "1109/111351", "correlationVector":"Lp6l4nr46BbRafk1bg1lMq.2","action":"Commit Response", "result":"Success", "context":Result: Success. cV=Lp6l4nr46BbRafk1bg1lMq.0;server=akswtt10600001q;cloudType=Consumer;environment=Prod_eastus_prod-s01-056-nam-eastus;migrationStage=NotStarted}
{"logTime": "1109/111351", "correlationVector":"2FH1biDpCG2EqkLsDjWqxH","action":"Commit Request", "result":"", "context":Item count: 40
Contributing types: Passwords}
{"logTime": "1109/111353", "correlationVector":"2FH1biDpCG2EqkLsDjWqxH.1","action":"SyncServerConnectionManagerRequest", "result":"SYNC_SERVER_OK", "context":{"environment":"Prod_eastus_prod-s01-056-nam-eastus", "migrationStage":"NotStarted", "server":"akswtt10600001w"}}
{"logTime": "1109/111353", "correlationVector":"2FH1biDpCG2EqkLsDjWqxH.2","action":"Commit Response", "result":"Success", "context":Result: Success. cV=2FH1biDpCG2EqkLsDjWqxH.0;server=akswtt10600001w;cloudType=Consumer;environment=Prod_eastus_prod-s01-056-nam-eastus;migrationStage=NotStarted}
{"logTime": "1109/111353", "correlationVector":"iYXfF+/t3TkrK7wiIlFRXj","action":"Commit Request", "result":"", "context":Item count: 39
Contributing types: Preferences, Passwords, Sessions, History}
{"logTime": "1109/111356", "correlationVector":"iYXfF+/t3TkrK7wiIlFRXj.1","action":"SyncServerConnectionManagerRequest", "result":"SYNC_SERVER_OK", "context":{"environment":"Prod_eastus_prod-s01-056-nam-eastus", "migrationStage":"NotStarted", "server":"akswtt10600001w"}}
{"logTime": "1109/111356", "correlationVector":"iYXfF+/t3TkrK7wiIlFRXj.2","action":"Commit Response", "result":"Success", "context":Result: Success. cV=iYXfF+/t3TkrK7wiIlFRXj.0;server=akswtt10600001w;cloudType=Consumer;environment=Prod_eastus_prod-s01-056-nam-eastus;migrationStage=NotStarted}
{"logTime": "1109/111437", "correlationVector":"kMtlfCZY78CGrgimcqVzGH","action":"Commit Request", "result":"", "context":Item count: 3
Contributing types: Sessions, History}
{"logTime": "1109/111437", "correlationVector":"kMtlfCZY78CGrgimcqVzGH.1","action":"SyncServerConnectionManagerRequest", "result":"SYNC_SERVER_OK", "context":{"environment":"Prod_eastus_prod-s01-056-nam-eastus", "migrationStage":"NotStarted", "server":"akswtt10600000a"}}
{"logTime": "1109/111437", "correlationVector":"kMtlfCZY78CGrgimcqVzGH.2","action":"Commit Response", "result":"Success", "context":Result: Success. cV=kMtlfCZY78CGrgimcqVzGH.0;server=akswtt10600000a;cloudType=Consumer;environment=Prod_eastus_prod-s01-056-nam-eastus;migrationStage=NotStarted}
{"logTime": "1109/111516", "correlationVector":"ynw9CvHU/Cp+XjgP9f0wQN","action":"Commit Request", "result":"", "context":Item count: 1
Contributing types: Preferences}
{"logTime": "1109/111516", "correlationVector":"ynw9CvHU/Cp+XjgP9f0wQN.1","action":"SyncServerConnectionManagerRequest", "result":"SYNC_SERVER_OK", "context":{"environment":"Prod_eastus_prod-s01-056-nam-eastus", "migrationStage":"NotStarted", "server":"akswtt10600000a"}}
{"logTime": "1109/111516", "correlationVector":"ynw9CvHU/Cp+XjgP9f0wQN.2","action":"Commit Response", "result":"Success", "context":Result: Success. cV=ynw9CvHU/Cp+XjgP9f0wQN.0;server=akswtt10600000a;cloudType=Consumer;environment=Prod_eastus_prod-s01-056-nam-eastus;migrationStage=NotStarted}
{"logTime": "1109/111629", "correlationVector":"kgf2e3/MSvrvSvGay5IDnF","action":"Commit Request", "result":"", "context":Item count: 3
Contributing types: Sessions, History}
{"logTime": "1109/111629", "correlationVector":"kgf2e3/MSvrvSvGay5IDnF.1","action":"SyncServerConnectionManagerRequest", "result":"SYNC_SERVER_OK", "context":{"environment":"Prod_eastus_prod-s01-056-nam-eastus", "migrationStage":"NotStarted", "server":"akswtt106000024"}}
{"logTime": "1109/111629", "correlationVector":"kgf2e3/MSvrvSvGay5IDnF.2","action":"Commit Response", "result":"Success", "context":Result: Success. cV=kgf2e3/MSvrvSvGay5IDnF.0;server=akswtt106000024;cloudType=Consumer;environment=Prod_eastus_prod-s01-056-nam-eastus;migrationStage=NotStarted}
{"logTime": "1109/123649", "correlationVector":"nm8K3gjYVIFk86ggnUtU8I.1","action":"SyncServerConnectionManagerRequest", "result":"SYNC_SERVER_OK", "context":{"environment":"Prod_eastus_prod-s01-056-nam-eastus", "migrationStage":"NotStarted", "server":"akswtt10600001y"}}
{"logTime": "1109/123649", "correlationVector":"nm8K3gjYVIFk86ggnUtU8I.2","action":"ProcessGetUpdates", "result":"Done", "context":{"dataType":"Encryption Keys", "deleted":"0", "process_failed_to_decrypt":"0", "process_pending_decryption":"0", "process_success":"1", "total":"1"}}
{"logTime": "1109/123649", "correlationVector":"2yVGtCbUcA1k+hQ3HouN/8","action":"SyncServerConnectionManagerRequest", "result":"SYNC_SERVER_OK", "context":{"environment":"", "migrationStage":"", "server":""}}
{"logTime": "1109/123649", "correlationVector":"2yVGtCbUcA1k+hQ3HouN/8.0","action":"EncryptionKeysFetcher.DownloadKeys:", "result":"Success", "context":Key count: 10, Last key timestamp: 2025-09-05T19:05:46Z}
{"logTime": "1109/123649", "correlationVector":"2yVGtCbUcA1k+hQ3HouN/8.1","action":"EncryptionKeysManager::SetEncryptionKeys:", "result":"Success", "context":Key names[10]:[OafjDtlpHxxw5ayAetR8Da+uQVQGmfC9SV5lVtPBoOitTIfw6U0L3sUxGSHvssRbLgF/QohyDg9XhJNYMSM5QQ==][YFY6ovwQRBH8xF9avXpuI/YZsaSj386kufKJD4QoAJEq6Wz8TDw8tKSzYd0s25L7nninH1I+krCppPXuGKxQBw==][G80nQoSWjPoOkKC/BgEa9nQYRMdMh6Quzer/h5nppi1UHLNjO+6/D+29oZMwnPege2wzKcWQSc0hizixMU4obA==][pi51E5Nu5u9sgZcenY+VhNq8bFD4CDe5x8RiZISNkrcDNdrHUt3XF2zL2p5W5l9/SFHbeZkg6gyUAADaFZrGEg==][C2GiEpCTUY7DyO92CyR6pAqheW4fiWfWR6NntzXY8ihOyMpJ4F+oBomBfbbJ2NVyuRnRJmoAd8/EwdTaqHMN3g==][DMsOmLSCK7z2oQSkaIT4JdaswkDxhjK1OSq47Q8w5dflkqfI4j7hnnd2cHP5iNkScUAybTUjv1wB3Eh+DYNB5A==][Rkw6noTTSaDPMPwED+qEtnZtoTuXmUxMonmbStfIc7Vjdy71kBll+E4dTqxSmAhjkvXWv04owmnHbjCRwo8UXA==][X6bGNKbxG1hKkDoSJNfZRr3pWHBZoqhRx5yq/7ykd19R3Vhe3qcp0ZSZCu3nEp/UJkUTUTJ6fRPG0rL8XuFzfw==][RBwuDqIzorDcCNRvTOPy6vshW2XvL5xtbg6s49ErjPgltLIk6LKXaJeAOmHCE1J5B7mcYcNdKhWE/rT/80mcEg==][aEVHdA3XovfbIdP/0XLAWdfuXuPfYMU15+vPnFxNvr6D29dbsA9LJkblsl5bUdMKEaLgn7cHW8ZRQJxHQS4wmA==]}
{"logTime": "1109/123649", "correlationVector":"2yVGtCbUcA1k+hQ3HouN/8.2","action":"EncryptionKeysManager::SetEncryptionKeysWithTimestamps:", "result":"Success", "context":Key timestamps[10]:[2021-02-17T15:42:08Z][2021-08-09T22:40:39Z][2022-02-10T17:15:56Z][2022-08-12T18:31:24Z][2023-02-16T15:34:33Z][2023-09-12T11:41:34Z][2024-03-12T00:35:03Z][2024-09-09T03:24:06Z][2025-03-08T18:35:34Z][2025-09-05T19:05:46Z]}
{"logTime": "1109/123649", "correlationVector":"nm8K3gjYVIFk86ggnUtU8I","action":"Initial GetUpdates", "result":"", "context":Reason: NEW_CLIENT. cV=nm8K3gjYVIFk86ggnUtU8I}
{"logTime": "1109/123649", "correlationVector":"nm8K3gjYVIFk86ggnUtU8I.3","action":"GetUpdates Response", "result":"Success", "context":Received 1 update(s). cV=nm8K3gjYVIFk86ggnUtU8I.0;server=akswtt10600001y;cloudType=Consumer;environment=Prod_eastus_prod-s01-056-nam-eastus;migrationStage=NotStarted}
{"logTime": "1109/123649", "correlationVector":"GrFUpvlsbuvaG0EYsNRg7v","action":"Initial GetUpdates", "result":"", "context":Reason: NEWLY_SUPPORTED_DATATYPE. cV=GrFUpvlsbuvaG0EYsNRg7v}
{"logTime": "1109/123649", "correlationVector":"GrFUpvlsbuvaG0EYsNRg7v.1","action":"SyncServerConnectionManagerRequest", "result":"SYNC_SERVER_OK", "context":{"environment":"Prod_eastus_prod-s01-056-nam-eastus", "migrationStage":"NotStarted", "server":"akswtt10600001x"}}
{"logTime": "1109/123649", "correlationVector":"GrFUpvlsbuvaG0EYsNRg7v.2","action":"ProcessGetUpdates", "result":"Done", "context":{"dataType":"Passwords", "deleted":"9", "process_failed_to_decrypt":"0", "process_pending_decryption":"0", "process_success":"185", "total":"185"}}
{"logTime": "1109/123649", "correlationVector":"GrFUpvlsbuvaG0EYsNRg7v.3","action":"GetUpdates Response", "result":"Success", "context":Received 185 update(s). cV=GrFUpvlsbuvaG0EYsNRg7v.0;server=akswtt10600001x;cloudType=Consumer;environment=Prod_eastus_prod-s01-056-nam-eastus;migrationStage=NotStarted}
{"logTime": "1109/123649", "correlationVector":"Mt9YD6DlKOl3K07p7Gt3vI","action":"Normal GetUpdate request", "result":"", "context":cV=Mt9YD6DlKOl3K07p7Gt3vI
Nudged types: Sessions, Device Info, History
Refresh requested types: Bookmarks, Preferences, Passwords, Autofill Profiles, Autofill, Extensions, Sessions, Extension settings, History Delete Directives, Device Info, User Consents, Send Tab To Self, Web Apps, History, Saved Tab Group, WebAuthn Credentials, Collection, Edge E Drop, Edge Hub App Usage, Edge Wallet, Encryption Keys}
{"logTime": "1109/123650", "correlationVector":"Mt9YD6DlKOl3K07p7Gt3vI.1","action":"SyncServerConnectionManagerRequest", "result":"SYNC_SERVER_OK", "context":{"environment":"Prod_eastus_prod-s01-056-nam-eastus", "migrationStage":"NotStarted", "server":"akswtt10600001z"}}
{"logTime": "1109/123650", "correlationVector":"Mt9YD6DlKOl3K07p7Gt3vI.2","action":"ProcessGetUpdates", "result":"Done", "context":{"dataType":"Preferences", "deleted":"0", "process_failed_to_decrypt":"0", "process_pending_decryption":"0", "process_success":"2", "total":"2"}}
{"logTime": "1109/123650", "correlationVector":"Mt9YD6DlKOl3K07p7Gt3vI.3","action":"ProcessGetUpdates", "result":"Done", "context":{"dataType":"Sessions", "deleted":"0", "process_failed_to_decrypt":"0", "process_pending_decryption":"0", "process_success":"2", "total":"2"}}
{"logTime": "1109/123650", "correlationVector":"Mt9YD6DlKOl3K07p7Gt3vI.4","action":"ProcessGetUpdates", "result":"Done", "context":{"dataType":"History", "deleted":"0", "process_failed_to_decrypt":"0", "process_pending_decryption":"0", "process_success":"16", "total":"16"}}
{"logTime": "1109/123650", "correlationVector":"Mt9YD6DlKOl3K07p7Gt3vI.5","action":"GetUpdates Response", "result":"Success", "context":Received 20 update(s). cV=Mt9YD6DlKOl3K07p7Gt3vI.0;server=akswtt10600001z;cloudType=Consumer;environment=Prod_eastus_prod-s01-056-nam-eastus;migrationStage=NotStarted}
{"logTime": "1109/123650", "correlationVector":"CBFjT7SrppkpRIXJuqcAEn","action":"Commit Request", "result":"", "context":Item count: 2
Contributing types: Device Info, History}
{"logTime": "1109/123650", "correlationVector":"CBFjT7SrppkpRIXJuqcAEn.1","action":"SyncServerConnectionManagerRequest", "result":"SYNC_SERVER_OK", "context":{"environment":"Prod_eastus_prod-s01-056-nam-eastus", "migrationStage":"NotStarted", "server":"akswtt106000024"}}
{"logTime": "1109/123650", "correlationVector":"CBFjT7SrppkpRIXJuqcAEn.2","action":"Commit Response", "result":"Success", "context":Result: Success. cV=CBFjT7SrppkpRIXJuqcAEn.0;server=akswtt106000024;cloudType=Consumer;environment=Prod_eastus_prod-s01-056-nam-eastus;migrationStage=NotStarted}
{"logTime": "1109/123701", "correlationVector":"3Pl7sWSzDzk3w3/IQbn3+x","action":"Commit Request", "result":"", "context":Item count: 4
Contributing types: Preferences, Sessions, History}
{"logTime": "1109/123702", "correlationVector":"3Pl7sWSzDzk3w3/IQbn3+x.1","action":"SyncServerConnectionManagerRequest", "result":"SYNC_SERVER_OK", "context":{"environment":"Prod_eastus_prod-s01-056-nam-eastus", "migrationStage":"NotStarted", "server":"akswtt10600001b"}}
{"logTime": "1109/123702", "correlationVector":"3Pl7sWSzDzk3w3/IQbn3+x.2","action":"Commit Response", "result":"Success", "context":Result: Success. cV=3Pl7sWSzDzk3w3/IQbn3+x.0;server=akswtt10600001b;cloudType=Consumer;environment=Prod_eastus_prod-s01-056-nam-eastus;migrationStage=NotStarted}
{"logTime": "1109/123703", "correlationVector":"lxsmI+tKzPZiVSfqsdP6kx","action":"Commit Request", "result":"", "context":Item count: 40
Contributing types: Passwords}
{"logTime": "1109/123705", "correlationVector":"lxsmI+tKzPZiVSfqsdP6kx.1","action":"SyncServerConnectionManagerRequest", "result":"SYNC_SERVER_OK", "context":{"environment":"Prod_eastus_prod-s01-056-nam-eastus", "migrationStage":"NotStarted", "server":"akswtt10600001r"}}
{"logTime": "1109/123705", "correlationVector":"lxsmI+tKzPZiVSfqsdP6kx.2","action":"Commit Response", "result":"Success", "context":Result: Success. cV=lxsmI+tKzPZiVSfqsdP6kx.0;server=akswtt10600001r;cloudType=Consumer;environment=Prod_eastus_prod-s01-056-nam-eastus;migrationStage=NotStarted}
{"logTime": "1109/123705", "correlationVector":"wDIkq3iathBkh6NYQvB2g1","action":"Commit Request", "result":"", "context":Item count: 40
Contributing types: Passwords}
{"logTime": "1109/123707", "correlationVector":"wDIkq3iathBkh6NYQvB2g1.1","action":"SyncServerConnectionManagerRequest", "result":"SYNC_SERVER_OK", "context":{"environment":"Prod_eastus_prod-s01-056-nam-eastus", "migrationStage":"NotStarted", "server":"akswtt10600001q"}}
{"logTime": "1109/123707", "correlationVector":"wDIkq3iathBkh6NYQvB2g1.2","action":"Commit Response", "result":"Success", "context":Result: Success. cV=wDIkq3iathBkh6NYQvB2g1.0;server=akswtt10600001q;cloudType=Consumer;environment=Prod_eastus_prod-s01-056-nam-eastus;migrationStage=NotStarted}
{"logTime": "1109/123707", "correlationVector":"sX6FfA80ji8vDEDzFBcXqi","action":"Commit Request", "result":"", "context":Item count: 40
Contributing types: Passwords}
{"logTime": "1109/123708", "correlationVector":"sX6FfA80ji8vDEDzFBcXqi.1","action":"SyncServerConnectionManagerRequest", "result":"SYNC_SERVER_OK", "context":{"environment":"Prod_eastus_prod-s01-056-nam-eastus", "migrationStage":"NotStarted", "server":"akswtt10600000a"}}
{"logTime": "1109/123708", "correlationVector":"sX6FfA80ji8vDEDzFBcXqi.2","action":"Commit Response", "result":"Success", "context":Result: Success. cV=sX6FfA80ji8vDEDzFBcXqi.0;server=akswtt10600000a;cloudType=Consumer;environment=Prod_eastus_prod-s01-056-nam-eastus;migrationStage=NotStarted}
{"logTime": "1109/123708", "correlationVector":"BPHnpAMAl46fxE3i/8FwJm","action":"Commit Request", "result":"", "context":Item count: 37
Contributing types: Preferences, Passwords}
{"logTime": "1109/123710", "correlationVector":"BPHnpAMAl46fxE3i/8FwJm.1","action":"SyncServerConnectionManagerRequest", "result":"SYNC_SERVER_OK", "context":{"environment":"Prod_eastus_prod-s01-056-nam-eastus", "migrationStage":"NotStarted", "server":"akswtt10600001v"}}
{"logTime": "1109/123710", "correlationVector":"BPHnpAMAl46fxE3i/8FwJm.2","action":"Commit Response", "result":"Success", "context":Result: Success. cV=BPHnpAMAl46fxE3i/8FwJm.0;server=akswtt10600001v;cloudType=Consumer;environment=Prod_eastus_prod-s01-056-nam-eastus;migrationStage=NotStarted}
{"logTime": "1109/123749", "correlationVector":"GYO2ZhfzX8WZKNLYQna92F","action":"Commit Request", "result":"", "context":Item count: 3
Contributing types: Sessions, History}
{"logTime": "1109/123750", "correlationVector":"GYO2ZhfzX8WZKNLYQna92F.1","action":"SyncServerConnectionManagerRequest", "result":"SYNC_SERVER_OK", "context":{"environment":"Prod_eastus_prod-s01-056-nam-eastus", "migrationStage":"NotStarted", "server":"akswtt10600001p"}}
{"logTime": "1109/123750", "correlationVector":"GYO2ZhfzX8WZKNLYQna92F.2","action":"Commit Response", "result":"Success", "context":Result: Success. cV=GYO2ZhfzX8WZKNLYQna92F.0;server=akswtt10600001p;cloudType=Consumer;environment=Prod_eastus_prod-s01-056-nam-eastus;migrationStage=NotStarted}
{"logTime": "1109/123931", "correlationVector":"FjatLNQ4uDFJ3qlUHkXI21","action":"Commit Request", "result":"", "context":Item count: 3
Contributing types: Sessions, History}
{"logTime": "1109/123931", "correlationVector":"FjatLNQ4uDFJ3qlUHkXI21.1","action":"SyncServerConnectionManagerRequest", "result":"SYNC_SERVER_OK", "context":{"environment":"Prod_eastus_prod-s01-056-nam-eastus", "migrationStage":"NotStarted", "server":"akswtt10600001v"}}
{"logTime": "1109/123931", "correlationVector":"FjatLNQ4uDFJ3qlUHkXI21.2","action":"Commit Response", "result":"Success", "context":Result: Success. cV=FjatLNQ4uDFJ3qlUHkXI21.0;server=akswtt10600001v;cloudType=Consumer;environment=Prod_eastus_prod-s01-056-nam-eastus;migrationStage=NotStarted}
{"logTime": "1109/125115", "correlationVector":"zUtVHgpVGlk3Fw1hLVgMYS","action":"Commit Request", "result":"", "context":Item count: 3
Contributing types: Sessions, History}
{"logTime": "1109/125116", "correlationVector":"zUtVHgpVGlk3Fw1hLVgMYS.1","action":"SyncServerConnectionManagerRequest", "result":"SYNC_SERVER_OK", "context":{"environment":"Prod_eastus_prod-s01-056-nam-eastus", "migrationStage":"NotStarted", "server":"akswtt10600001r"}}
{"logTime": "1109/125116", "correlationVector":"zUtVHgpVGlk3Fw1hLVgMYS.2","action":"Commit Response", "result":"Success", "context":Result: Success. cV=zUtVHgpVGlk3Fw1hLVgMYS.0;server=akswtt10600001r;cloudType=Consumer;environment=Prod_eastus_prod-s01-056-nam-eastus;migrationStage=NotStarted}
{"logTime": "1109/125224", "correlationVector":"A8HwHwjxIUjEmFC0iCemlg","action":"Normal GetUpdate request", "result":"", "context":cV=A8HwHwjxIUjEmFC0iCemlg
Notified types: Device Info, History}
{"logTime": "1109/125224", "correlationVector":"A8HwHwjxIUjEmFC0iCemlg.1","action":"SyncServerConnectionManagerRequest", "result":"SYNC_SERVER_OK", "context":{"environment":"Prod_eastus_prod-s01-056-nam-eastus", "migrationStage":"NotStarted", "server":"akswtt10600001n"}}
{"logTime": "1109/125224", "correlationVector":"A8HwHwjxIUjEmFC0iCemlg.2","action":"ProcessGetUpdates", "result":"Done", "context":{"dataType":"Preferences", "deleted":"0", "process_failed_to_decrypt":"0", "process_pending_decryption":"0", "process_success":"2", "total":"2"}}
{"logTime": "1109/125224", "correlationVector":"A8HwHwjxIUjEmFC0iCemlg.3","action":"ProcessGetUpdates", "result":"Done", "context":{"dataType":"Passwords", "deleted":"0", "process_failed_to_decrypt":"0", "process_pending_decryption":"0", "process_success":"156", "total":"156"}}
{"logTime": "1109/125224", "correlationVector":"A8HwHwjxIUjEmFC0iCemlg.4","action":"ProcessGetUpdates", "result":"Done", "context":{"dataType":"Sessions", "deleted":"4", "process_failed_to_decrypt":"0", "process_pending_decryption":"0", "process_success":"7", "total":"7"}}
{"logTime": "1109/125224", "correlationVector":"A8HwHwjxIUjEmFC0iCemlg.5","action":"ProcessGetUpdates", "result":"Done", "context":{"dataType":"Device Info", "deleted":"0", "process_failed_to_decrypt":"0", "process_pending_decryption":"0", "process_success":"2", "total":"2"}}
{"logTime": "1109/125224", "correlationVector":"A8HwHwjxIUjEmFC0iCemlg.6","action":"ProcessGetUpdates", "result":"Done", "context":{"dataType":"History", "deleted":"0", "process_failed_to_decrypt":"0", "process_pending_decryption":"0", "process_success":"6", "total":"6"}}
{"logTime": "1109/125224", "correlationVector":"A8HwHwjxIUjEmFC0iCemlg.7","action":"GetUpdates Response", "result":"Success", "context":Received 173 update(s). cV=A8HwHwjxIUjEmFC0iCemlg.0;server=akswtt10600001n;cloudType=Consumer;environment=Prod_eastus_prod-s01-056-nam-eastus;migrationStage=NotStarted}
{"logTime": "1109/125227", "correlationVector":"QhRUdgwo7GcDWJp0rzKDHF","action":"Normal GetUpdate request", "result":"", "context":cV=QhRUdgwo7GcDWJp0rzKDHF
Notified types: Device Info}
{"logTime": "1109/125227", "correlationVector":"QhRUdgwo7GcDWJp0rzKDHF.1","action":"SyncServerConnectionManagerRequest", "result":"SYNC_SERVER_OK", "context":{"environment":"Prod_eastus_prod-s01-056-nam-eastus", "migrationStage":"NotStarted", "server":"akswtt10600001y"}}
{"logTime": "1109/125227", "correlationVector":"QhRUdgwo7GcDWJp0rzKDHF.2","action":"ProcessGetUpdates", "result":"Done", "context":{"dataType":"Device Info", "deleted":"0", "process_failed_to_decrypt":"0", "process_pending_decryption":"0", "process_success":"1", "total":"1"}}
{"logTime": "1109/125227", "correlationVector":"QhRUdgwo7GcDWJp0rzKDHF.3","action":"GetUpdates Response", "result":"Success", "context":Received 1 update(s). cV=QhRUdgwo7GcDWJp0rzKDHF.0;server=akswtt10600001y;cloudType=Consumer;environment=Prod_eastus_prod-s01-056-nam-eastus;migrationStage=NotStarted}
{"logTime": "1109/125242", "correlationVector":"CwkQ8kyUMZcOvLKfDkwrMO","action":"Normal GetUpdate request", "result":"", "context":cV=CwkQ8kyUMZcOvLKfDkwrMO
Notified types: Preferences, Device Info, History}
{"logTime": "1109/125242", "correlationVector":"CwkQ8kyUMZcOvLKfDkwrMO.1","action":"SyncServerConnectionManagerRequest", "result":"SYNC_SERVER_OK", "context":{"environment":"Prod_eastus_prod-s01-056-nam-eastus", "migrationStage":"NotStarted", "server":"akswtt10600001y"}}
{"logTime": "1109/125242", "correlationVector":"CwkQ8kyUMZcOvLKfDkwrMO.2","action":"ProcessGetUpdates", "result":"Done", "context":{"dataType":"Preferences", "deleted":"0", "process_failed_to_decrypt":"0", "process_pending_decryption":"0", "process_success":"1", "total":"1"}}
{"logTime": "1109/125242", "correlationVector":"CwkQ8kyUMZcOvLKfDkwrMO.3","action":"ProcessGetUpdates", "result":"Done", "context":{"dataType":"Sessions", "deleted":"0", "process_failed_to_decrypt":"0", "process_pending_decryption":"0", "process_success":"3", "total":"3"}}
{"logTime": "1109/125242", "correlationVector":"CwkQ8kyUMZcOvLKfDkwrMO.4","action":"ProcessGetUpdates", "result":"Done", "context":{"dataType":"Device Info", "deleted":"0", "process_failed_to_decrypt":"0", "process_pending_decryption":"0", "process_success":"1", "total":"1"}}
{"logTime": "1109/125242", "correlationVector":"CwkQ8kyUMZcOvLKfDkwrMO.5","action":"ProcessGetUpdates", "result":"Done", "context":{"dataType":"History", "deleted":"0", "process_failed_to_decrypt":"0", "process_pending_decryption":"0", "process_success":"5", "total":"5"}}
{"logTime": "1109/125242", "correlationVector":"CwkQ8kyUMZcOvLKfDkwrMO.6","action":"GetUpdates Response", "result":"Success", "context":Received 10 update(s). cV=CwkQ8kyUMZcOvLKfDkwrMO.0;server=akswtt10600001y;cloudType=Consumer;environment=Prod_eastus_prod-s01-056-nam-eastus;migrationStage=NotStarted}
{"logTime": "1109/125244", "correlationVector":"TpyhqnkujQjDFf4uk0p5yv","action":"Normal GetUpdate request", "result":"", "context":cV=TpyhqnkujQjDFf4uk0p5yv
Notified types: Preferences}
{"logTime": "1109/125244", "correlationVector":"TpyhqnkujQjDFf4uk0p5yv.1","action":"SyncServerConnectionManagerRequest", "result":"SYNC_SERVER_OK", "context":{"environment":"Prod_eastus_prod-s01-056-nam-eastus", "migrationStage":"NotStarted", "server":"akswtt10600001q"}}
{"logTime": "1109/125244", "correlationVector":"TpyhqnkujQjDFf4uk0p5yv.2","action":"ProcessGetUpdates", "result":"Done", "context":{"dataType":"Preferences", "deleted":"0", "process_failed_to_decrypt":"0", "process_pending_decryption":"0", "process_success":"1", "total":"1"}}
{"logTime": "1109/125244", "correlationVector":"TpyhqnkujQjDFf4uk0p5yv.3","action":"GetUpdates Response", "result":"Success", "context":Received 1 update(s). cV=TpyhqnkujQjDFf4uk0p5yv.0;server=akswtt10600001q;cloudType=Consumer;environment=Prod_eastus_prod-s01-056-nam-eastus;migrationStage=NotStarted}
{"logTime": "1109/125349", "correlationVector":"JX1ZMU9npvQIIk3d/dtxOu","action":"Commit Request", "result":"", "context":Item count: 3
Contributing types: Sessions, History}
{"logTime": "1109/125349", "correlationVector":"JX1ZMU9npvQIIk3d/dtxOu.1","action":"SyncServerConnectionManagerRequest", "result":"SYNC_SERVER_OK", "context":{"environment":"Prod_eastus2_prod-s01-050-nam-eastus2", "migrationStage":"NotStarted", "server":"akswtt10600002y"}}
{"logTime": "1109/125349", "correlationVector":"JX1ZMU9npvQIIk3d/dtxOu.2","action":"Commit Response", "result":"Success", "context":Result: Success. cV=JX1ZMU9npvQIIk3d/dtxOu.0;server=akswtt10600002y;cloudType=Consumer;environment=Prod_eastus2_prod-s01-050-nam-eastus2;migrationStage=NotStarted}
{"logTime": "1109/125737", "correlationVector":"dtuDzVnAbpu92v0Fc2Cmla","action":"Normal GetUpdate request", "result":"", "context":cV=dtuDzVnAbpu92v0Fc2Cmla
Notified types: History}
{"logTime": "1109/125737", "correlationVector":"dtuDzVnAbpu92v0Fc2Cmla.1","action":"SyncServerConnectionManagerRequest", "result":"SYNC_SERVER_OK", "context":{"environment":"Prod_eastus_prod-s01-056-nam-eastus", "migrationStage":"NotStarted", "server":"akswtt10600001t"}}
{"logTime": "1109/125737", "correlationVector":"dtuDzVnAbpu92v0Fc2Cmla.2","action":"ProcessGetUpdates", "result":"Done", "context":{"dataType":"Sessions", "deleted":"0", "process_failed_to_decrypt":"0", "process_pending_decryption":"0", "process_success":"3", "total":"3"}}
{"logTime": "1109/125737", "correlationVector":"dtuDzVnAbpu92v0Fc2Cmla.3","action":"ProcessGetUpdates", "result":"Done", "context":{"dataType":"History", "deleted":"0", "process_failed_to_decrypt":"0", "process_pending_decryption":"0", "process_success":"6", "total":"6"}}
{"logTime": "1109/125737", "correlationVector":"dtuDzVnAbpu92v0Fc2Cmla.4","action":"GetUpdates Response", "result":"Success", "context":Received 9 update(s). cV=dtuDzVnAbpu92v0Fc2Cmla.0;server=akswtt10600001t;cloudType=Consumer;environment=Prod_eastus_prod-s01-056-nam-eastus;migrationStage=NotStarted}
{"logTime": "1109/125905", "correlationVector":"sJ2zQR7a6q9EuY7B9w47Ez","action":"Normal GetUpdate request", "result":"", "context":cV=sJ2zQR7a6q9EuY7B9w47Ez
Notified types: History}
{"logTime": "1109/125905", "correlationVector":"sJ2zQR7a6q9EuY7B9w47Ez.1","action":"SyncServerConnectionManagerRequest", "result":"SYNC_SERVER_OK", "context":{"environment":"Prod_eastus_prod-s01-056-nam-eastus", "migrationStage":"NotStarted", "server":"akswtt10600001v"}}
{"logTime": "1109/125905", "correlationVector":"sJ2zQR7a6q9EuY7B9w47Ez.2","action":"ProcessGetUpdates", "result":"Done", "context":{"dataType":"Sessions", "deleted":"0", "process_failed_to_decrypt":"0", "process_pending_decryption":"0", "process_success":"3", "total":"3"}}
{"logTime": "1109/125905", "correlationVector":"sJ2zQR7a6q9EuY7B9w47Ez.3","action":"ProcessGetUpdates", "result":"Done", "context":{"dataType":"History", "deleted":"0", "process_failed_to_decrypt":"0", "process_pending_decryption":"0", "process_success":"2", "total":"2"}}
{"logTime": "1109/125905", "correlationVector":"sJ2zQR7a6q9EuY7B9w47Ez.4","action":"GetUpdates Response", "result":"Success", "context":Received 5 update(s). cV=sJ2zQR7a6q9EuY7B9w47Ez.0;server=akswtt10600001v;cloudType=Consumer;environment=Prod_eastus_prod-s01-056-nam-eastus;migrationStage=NotStarted}
{"logTime": "1109/133009", "correlationVector":"HbHEwFoCKP19wG/WO9nnCJ.1","action":"SyncServerConnectionManagerRequest", "result":"SYNC_SERVER_OK", "context":{"environment":"Prod_eastus_prod-s01-056-nam-eastus", "migrationStage":"NotStarted", "server":"akswtt10600001w"}}
{"logTime": "1109/133009", "correlationVector":"HbHEwFoCKP19wG/WO9nnCJ.2","action":"ProcessGetUpdates", "result":"Done", "context":{"dataType":"Encryption Keys", "deleted":"0", "process_failed_to_decrypt":"0", "process_pending_decryption":"0", "process_success":"1", "total":"1"}}
{"logTime": "1109/133010", "correlationVector":"dxxb8N7PsHcWRo77jR9uV6","action":"SyncServerConnectionManagerRequest", "result":"SYNC_SERVER_OK", "context":{"environment":"", "migrationStage":"", "server":""}}
{"logTime": "1109/133010", "correlationVector":"dxxb8N7PsHcWRo77jR9uV6.0","action":"EncryptionKeysFetcher.DownloadKeys:", "result":"Success", "context":Key count: 10, Last key timestamp: 2025-09-05T19:05:46Z}
{"logTime": "1109/133010", "correlationVector":"dxxb8N7PsHcWRo77jR9uV6.1","action":"EncryptionKeysManager::SetEncryptionKeys:", "result":"Success", "context":Key names[10]:[OafjDtlpHxxw5ayAetR8Da+uQVQGmfC9SV5lVtPBoOitTIfw6U0L3sUxGSHvssRbLgF/QohyDg9XhJNYMSM5QQ==][YFY6ovwQRBH8xF9avXpuI/YZsaSj386kufKJD4QoAJEq6Wz8TDw8tKSzYd0s25L7nninH1I+krCppPXuGKxQBw==][G80nQoSWjPoOkKC/BgEa9nQYRMdMh6Quzer/h5nppi1UHLNjO+6/D+29oZMwnPege2wzKcWQSc0hizixMU4obA==][pi51E5Nu5u9sgZcenY+VhNq8bFD4CDe5x8RiZISNkrcDNdrHUt3XF2zL2p5W5l9/SFHbeZkg6gyUAADaFZrGEg==][C2GiEpCTUY7DyO92CyR6pAqheW4fiWfWR6NntzXY8ihOyMpJ4F+oBomBfbbJ2NVyuRnRJmoAd8/EwdTaqHMN3g==][DMsOmLSCK7z2oQSkaIT4JdaswkDxhjK1OSq47Q8w5dflkqfI4j7hnnd2cHP5iNkScUAybTUjv1wB3Eh+DYNB5A==][Rkw6noTTSaDPMPwED+qEtnZtoTuXmUxMonmbStfIc7Vjdy71kBll+E4dTqxSmAhjkvXWv04owmnHbjCRwo8UXA==][X6bGNKbxG1hKkDoSJNfZRr3pWHBZoqhRx5yq/7ykd19R3Vhe3qcp0ZSZCu3nEp/UJkUTUTJ6fRPG0rL8XuFzfw==][RBwuDqIzorDcCNRvTOPy6vshW2XvL5xtbg6s49ErjPgltLIk6LKXaJeAOmHCE1J5B7mcYcNdKhWE/rT/80mcEg==][aEVHdA3XovfbIdP/0XLAWdfuXuPfYMU15+vPnFxNvr6D29dbsA9LJkblsl5bUdMKEaLgn7cHW8ZRQJxHQS4wmA==]}
{"logTime": "1109/133010", "correlationVector":"dxxb8N7PsHcWRo77jR9uV6.2","action":"EncryptionKeysManager::SetEncryptionKeysWithTimestamps:", "result":"Success", "context":Key timestamps[10]:[2021-02-17T15:42:08Z][2021-08-09T22:40:39Z][2022-02-10T17:15:56Z][2022-08-12T18:31:24Z][2023-02-16T15:34:33Z][2023-09-12T11:41:34Z][2024-03-12T00:35:03Z][2024-09-09T03:24:06Z][2025-03-08T18:35:34Z][2025-09-05T19:05:46Z]}
{"logTime": "1109/133010", "correlationVector":"HbHEwFoCKP19wG/WO9nnCJ","action":"Initial GetUpdates", "result":"", "context":Reason: NEW_CLIENT. cV=HbHEwFoCKP19wG/WO9nnCJ}
{"logTime": "1109/133010", "correlationVector":"HbHEwFoCKP19wG/WO9nnCJ.3","action":"GetUpdates Response", "result":"Success", "context":Received 1 update(s). cV=HbHEwFoCKP19wG/WO9nnCJ.0;server=akswtt10600001w;cloudType=Consumer;environment=Prod_eastus_prod-s01-056-nam-eastus;migrationStage=NotStarted}
{"logTime": "1109/133010", "correlationVector":"FOH3IUGB2gAJDgcnnGEv/l","action":"Initial GetUpdates", "result":"", "context":Reason: NEWLY_SUPPORTED_DATATYPE. cV=FOH3IUGB2gAJDgcnnGEv/l}
{"logTime": "1109/133010", "correlationVector":"FOH3IUGB2gAJDgcnnGEv/l.1","action":"SyncServerConnectionManagerRequest", "result":"SYNC_SERVER_OK", "context":{"environment":"Prod_eastus_prod-s01-056-nam-eastus", "migrationStage":"NotStarted", "server":"akswtt106000020"}}
{"logTime": "1109/133010", "correlationVector":"FOH3IUGB2gAJDgcnnGEv/l.2","action":"ProcessGetUpdates", "result":"Done", "context":{"dataType":"Passwords", "deleted":"9", "process_failed_to_decrypt":"0", "process_pending_decryption":"0", "process_success":"185", "total":"185"}}
{"logTime": "1109/133010", "correlationVector":"FOH3IUGB2gAJDgcnnGEv/l.3","action":"GetUpdates Response", "result":"Success", "context":Received 185 update(s). cV=FOH3IUGB2gAJDgcnnGEv/l.0;server=akswtt106000020;cloudType=Consumer;environment=Prod_eastus_prod-s01-056-nam-eastus;migrationStage=NotStarted}
{"logTime": "1109/133010", "correlationVector":"nYpS1ZVq7cK1Ea2ooNwrRt","action":"Normal GetUpdate request", "result":"", "context":cV=nYpS1ZVq7cK1Ea2ooNwrRt
Nudged types: Sessions, History
Refresh requested types: Bookmarks, Preferences, Passwords, Autofill Profiles, Autofill, Extensions, Sessions, Extension settings, History Delete Directives, Device Info, User Consents, Send Tab To Self, Web Apps, History, Saved Tab Group, WebAuthn Credentials, Collection, Edge E Drop, Edge Hub App Usage, Edge Wallet, Encryption Keys}
{"logTime": "1109/133010", "correlationVector":"nYpS1ZVq7cK1Ea2ooNwrRt.1","action":"SyncServerConnectionManagerRequest", "result":"SYNC_SERVER_OK", "context":{"environment":"Prod_eastus_prod-s01-056-nam-eastus", "migrationStage":"NotStarted", "server":"akswtt106000017"}}
{"logTime": "1109/133010", "correlationVector":"nYpS1ZVq7cK1Ea2ooNwrRt.2","action":"ProcessGetUpdates", "result":"Done", "context":{"dataType":"Preferences", "deleted":"0", "process_failed_to_decrypt":"0", "process_pending_decryption":"0", "process_success":"1", "total":"1"}}
{"logTime": "1109/133010", "correlationVector":"nYpS1ZVq7cK1Ea2ooNwrRt.3","action":"ProcessGetUpdates", "result":"Done", "context":{"dataType":"Sessions", "deleted":"1", "process_failed_to_decrypt":"0", "process_pending_decryption":"0", "process_success":"6", "total":"6"}}
{"logTime": "1109/133010", "correlationVector":"nYpS1ZVq7cK1Ea2ooNwrRt.4","action":"ProcessGetUpdates", "result":"Done", "context":{"dataType":"Device Info", "deleted":"0", "process_failed_to_decrypt":"0", "process_pending_decryption":"0", "process_success":"1", "total":"1"}}
{"logTime": "1109/133010", "correlationVector":"nYpS1ZVq7cK1Ea2ooNwrRt.5","action":"ProcessGetUpdates", "result":"Done", "context":{"dataType":"History", "deleted":"0", "process_failed_to_decrypt":"0", "process_pending_decryption":"0", "process_success":"5", "total":"5"}}
{"logTime": "1109/133010", "correlationVector":"nYpS1ZVq7cK1Ea2ooNwrRt.6","action":"GetUpdates Response", "result":"Success", "context":Received 13 update(s). cV=nYpS1ZVq7cK1Ea2ooNwrRt.0;server=akswtt106000017;cloudType=Consumer;environment=Prod_eastus_prod-s01-056-nam-eastus;migrationStage=NotStarted}
{"logTime": "1109/133011", "correlationVector":"5wJHfjuMMrdIzVtUaPT5Cm","action":"Commit Request", "result":"", "context":Item count: 3
Contributing types: Sessions, History}
{"logTime": "1109/133011", "correlationVector":"5wJHfjuMMrdIzVtUaPT5Cm.1","action":"SyncServerConnectionManagerRequest", "result":"SYNC_SERVER_OK", "context":{"environment":"Prod_eastus_prod-s01-056-nam-eastus", "migrationStage":"NotStarted", "server":"akswtt106000020"}}
{"logTime": "1109/133011", "correlationVector":"5wJHfjuMMrdIzVtUaPT5Cm.2","action":"Commit Response", "result":"Success", "context":Result: Success. cV=5wJHfjuMMrdIzVtUaPT5Cm.0;server=akswtt106000020;cloudType=Consumer;environment=Prod_eastus_prod-s01-056-nam-eastus;migrationStage=NotStarted}
{"logTime": "1109/133017", "correlationVector":"BCCugY6x2PeWbIH4ALrZzg","action":"Commit Request", "result":"", "context":Item count: 40
Contributing types: Passwords}
{"logTime": "1109/133019", "correlationVector":"BCCugY6x2PeWbIH4ALrZzg.1","action":"SyncServerConnectionManagerRequest", "result":"SYNC_SERVER_OK", "context":{"environment":"Prod_eastus_prod-s01-056-nam-eastus", "migrationStage":"NotStarted", "server":"akswtt10600001y"}}
{"logTime": "1109/133019", "correlationVector":"BCCugY6x2PeWbIH4ALrZzg.2","action":"Commit Response", "result":"Success", "context":Result: Success. cV=BCCugY6x2PeWbIH4ALrZzg.0;server=akswtt10600001y;cloudType=Consumer;environment=Prod_eastus_prod-s01-056-nam-eastus;migrationStage=NotStarted}
{"logTime": "1109/133019", "correlationVector":"zhNZ4wAyr7pCegjQ6JQ95o","action":"Commit Request", "result":"", "context":Item count: 40
Contributing types: Passwords}
{"logTime": "1109/133020", "correlationVector":"zhNZ4wAyr7pCegjQ6JQ95o.1","action":"SyncServerConnectionManagerRequest", "result":"SYNC_SERVER_OK", "context":{"environment":"Prod_eastus_prod-s01-056-nam-eastus", "migrationStage":"NotStarted", "server":"akswtt10600001v"}}
{"logTime": "1109/133020", "correlationVector":"zhNZ4wAyr7pCegjQ6JQ95o.2","action":"Commit Response", "result":"Success", "context":Result: Success. cV=zhNZ4wAyr7pCegjQ6JQ95o.0;server=akswtt10600001v;cloudType=Consumer;environment=Prod_eastus_prod-s01-056-nam-eastus;migrationStage=NotStarted}
{"logTime": "1109/133020", "correlationVector":"p8bYplyhFmT5xQTNHxYE/L","action":"Commit Request", "result":"", "context":Item count: 40
Contributing types: Passwords}
{"logTime": "1109/133022", "correlationVector":"p8bYplyhFmT5xQTNHxYE/L.1","action":"SyncServerConnectionManagerRequest", "result":"SYNC_SERVER_OK", "context":{"environment":"Prod_eastus_prod-s01-056-nam-eastus", "migrationStage":"NotStarted", "server":"akswtt10600001m"}}
{"logTime": "1109/133022", "correlationVector":"p8bYplyhFmT5xQTNHxYE/L.2","action":"Commit Response", "result":"Success", "context":Result: Success. cV=p8bYplyhFmT5xQTNHxYE/L.0;server=akswtt10600001m;cloudType=Consumer;environment=Prod_eastus_prod-s01-056-nam-eastus;migrationStage=NotStarted}
{"logTime": "1109/133022", "correlationVector":"jXk7lb2zOEEzZ5TL1vcn2i","action":"Commit Request", "result":"", "context":Item count: 39
Contributing types: Preferences, Passwords, Sessions, History}
{"logTime": "1109/133024", "correlationVector":"jXk7lb2zOEEzZ5TL1vcn2i.1","action":"SyncServerConnectionManagerRequest", "result":"SYNC_SERVER_OK", "context":{"environment":"Prod_eastus_prod-s01-056-nam-eastus", "migrationStage":"NotStarted", "server":"akswtt10600001z"}}
{"logTime": "1109/133024", "correlationVector":"jXk7lb2zOEEzZ5TL1vcn2i.2","action":"Commit Response", "result":"Success", "context":Result: Success. cV=jXk7lb2zOEEzZ5TL1vcn2i.0;server=akswtt10600001z;cloudType=Consumer;environment=Prod_eastus_prod-s01-056-nam-eastus;migrationStage=NotStarted}
